
P&T Luxembourg (MCC 270, MNC 1) [44]

	P&T Luxembourg (MCC 270, MNC 1) [44]
	ACD#1#2 @ 1800@3 (1865.000 MHz) [11]

		ACD#1#2 @ 1800@3 (1865.000 MHz) [11]
		eNodeB - ID40413 PCI437

			eNodeB - ID40413 PCI437
			Position
			State not available
			Database Base Station not in Database
			Provider P&T Luxembourg (MCC 270, MNC 1)
			GCI 270 1 3002 40413
			Tx Antenna 4
			EARFCN@Band 1800@3
			dl_Bandwidth[MHz] (20) 20
			LTE-M no
			eMBMSDSS not supported
			5G NR no
			
			Master Information Block

				Master Information Block
				  _MasterInformationBlock
				    dl_Bandwidth  (5)  n100
				    dl_Bandwidth[MHz]  (20)  20
				    phich_Config  2
				        phich_Duration  (0)  normal
				        phich_Resource  (2)  one
				    systemFrameNumber  (0x33)   '00110011'B
				    systemFrameNumber[]  (51)  51
				    schedulingInfoSIB1_BR_r13  0
				    systemInfoUnchanged_BR_r15  (0)  false
				    spare  (0x00)   '0000'B
			System Information Block 1

				System Information Block 1
				  _SystemInformationBlockType1
				    cellAccessRelatedInfo  7
				        plmn_IdentityList  _PLMN_IdentityInfo
				              plmn_Identity  2
				                  mcc  3
				                      MCC_MNC_Digit  2
				                      MCC_MNC_Digit  7
				                      MCC_MNC_Digit  0
				                  mnc  2
				                      MCC_MNC_Digit  0
				                      MCC_MNC_Digit  1
				              cellReservedForOperatorUse  (1)  notReserved
				        trackingAreaCode  (0x0bba)   '0000101110111010'B
				        trackingAreaCode[]  (3002)  3002
				        cellIdentity  (0x000fc903)   '0000000011111100100100000011'B
				        cellIdentity[28 Bit]  (1034499)  4041  3
				        cellBarred  (1)  notBarred
				        intraFreqReselection  (0)  allowed
				        csg_Indication  (0)  false
				    cellSelectionInfo  q_RxLevMin
				          -62
				    freqBandIndicator  3
				    schedulingInfoList  4
				        _SchedulingInfo
				          si_Periodicity  (0)  rf8
				          sib_MappingInfo  sibType3
				        _SchedulingInfo
				          si_Periodicity  (3)  rf64
				          sib_MappingInfo  sibType5
				        _SchedulingInfo
				          si_Periodicity  (3)  rf64
				          sib_MappingInfo  sibType6
				        _SchedulingInfo
				          si_Periodicity  (3)  rf64
				          sib_MappingInfo  sibType7
				    si_WindowLength  (3)  ms10
				    systemInfoValueTag  24
			System Information Block 2

				System Information Block 2
				  _SystemInformationBlockType2
				    radioResourceConfigCommon  19
				        rach_ConfigCommon  6
				            preambleInfo  numberOfRA_Preambles
				                  n52
				            powerRampingParameters  2
				                powerRampingStep  (2)  dB4
				                preambleInitialReceivedTargetPower  (5)  dBm_110
				            ra_SupervisionInfo  3
				                preambleTransMax  (6)  n10
				                ra_ResponseWindowSize  (7)  sf10
				                mac_ContentionResolutionTimer  (7)  sf64
				            maxHARQ_Msg3Tx  4
				        bcch_Config  modificationPeriodCoeff
				              n2
				        pcch_Config  2
				            defaultPagingCycle  (0)  rf32
				            nB  (1)  twoT
				        prach_Config  2
				            rootSequenceIndex  753
				            prach_ConfigInfo  4
				                prach_ConfigIndex  4
				                highSpeedFlag  (0)  false
				                zeroCorrelationZoneConfig  12
				                prach_FreqOffset  3
				        pdsch_ConfigCommon  2
				            referenceSignalPower  14
				            p_b  0
				        pusch_ConfigCommon  2
				            pusch_ConfigBasic  4
				                n_SB  1
				                hoppingMode  (0)  interSubFrame
				                pusch_HoppingOffset  0
				                enable64QAM  (1)  true
				            ul_ReferenceSignalsPUSCH  4
				                groupHoppingEnabled  (1)  true
				                groupAssignmentPUSCH  0
				                sequenceHoppingEnabled  (0)  false
				                cyclicShift  0
				        pucch_ConfigCommon  4
				            deltaPUCCH_Shift  (0)  ds1
				            nRB_CQI  2
				            nCS_AN  0
				            n1PUCCH_AN  8
				        soundingRS_UL_ConfigCommon setup 4
				              srs_BandwidthConfig  (0)  bw0
				              srs_SubframeConfig  (5)  sc5
				              ackNackSRS_SimultaneousTransmission  (1)  true
				        uplinkPowerControlCommon  5
				            p0_NominalPUSCH  -67
				            alpha  (4)  al07
				            p0_NominalPUCCH  -117
				            deltaFList_PUCCH  5
				                deltaF_PUCCH_Format1  (1)  deltaF0
				                deltaF_PUCCH_Format1b  (1)  deltaF3
				                deltaF_PUCCH_Format2  (1)  deltaF0
				                deltaF_PUCCH_Format2a  (1)  deltaF0
				                deltaF_PUCCH_Format2b  (1)  deltaF0
				            deltaPreambleMsg3  6
				            deltaPreambleMsg3[dB]  (12)  12
				        ul_CyclicPrefixLength  (0)  len1
				        Extension_Addition_Group  uplinkPowerControlCommon_v1020
				                deltaF_PUCCH_Format3_r10  (1)  deltaF0
				                deltaF_PUCCH_Format1bCS_r10  (1)  deltaF2
				        Extension_Addition_Group_3  pusch_ConfigCommon_v1270
				               enable64QAM_v1270 TruE
				    ue_TimersAndConstants  9
				        t300  (5)  ms1000
				        t301  (3)  ms400
				        t310  (6)  ms2000
				        n310  (7)  n20
				        t311  (1)  ms3000
				        n311  (0)  n1
				    freqInfo  additionalSpectrumEmission
				          1
				    timeAlignmentTimerCommon  (7)  infinity
			System Information Block 5

				System Information Block 5
				  _SystemInformationBlockType5 interFreqCarrierFreqList 4
				        _InterFreqCarrierFreqInfo
				          dl_CarrierFreq  9360
				          q_RxLevMin  -62
				          t_ReselectionEUTRA  1
				          threshX_High  4
				          threshX_Low  4
				          allowedMeasBandwidth  (3)  mbw50
				          presenceAntennaPort1  (1)  true
				          cellReselectionPriority  4
				          neighCellConfig  (0x02)   '10'B
				          neighCellConfig[]  (2)  The MBSFN subframe allocations of all neighbour cells are identical to or subsets of that in the serving cell. For TDD Only used for same ULDL allocation in neighbouring cells compared to the serving cell.
				        _InterFreqCarrierFreqInfo
				          dl_CarrierFreq  6200
				          q_RxLevMin  -62
				          t_ReselectionEUTRA  1
				          threshX_High  4
				          threshX_Low  4
				          allowedMeasBandwidth  (3)  mbw50
				          presenceAntennaPort1  (1)  true
				          cellReselectionPriority  4
				          neighCellConfig  (0x02)   '10'B
				          neighCellConfig[]  (2)  The MBSFN subframe allocations of all neighbour cells are identical to or subsets of that in the serving cell. For TDD Only used for same ULDL allocation in neighbouring cells compared to the serving cell.
				        _InterFreqCarrierFreqInfo
				          dl_CarrierFreq  2850
				          q_RxLevMin  -62
				          t_ReselectionEUTRA  1
				          threshX_High  4
				          threshX_Low  3
				          allowedMeasBandwidth  (5)  mbw100
				          presenceAntennaPort1  (1)  true
				          cellReselectionPriority  7
				          neighCellConfig  (0x02)   '10'B
				          neighCellConfig[]  (2)  The MBSFN subframe allocations of all neighbour cells are identical to or subsets of that in the serving cell. For TDD Only used for same ULDL allocation in neighbouring cells compared to the serving cell.
				        _InterFreqCarrierFreqInfo
				          dl_CarrierFreq  101
				          q_RxLevMin  -62
				          t_ReselectionEUTRA  1
				          threshX_High  4
				          threshX_Low  4
				          allowedMeasBandwidth  (3)  mbw50
				          presenceAntennaPort1  (1)  true
				          cellReselectionPriority  5
				          neighCellConfig  (0x02)   '10'B
				          neighCellConfig[]  (2)  The MBSFN subframe allocations of all neighbour cells are identical to or subsets of that in the serving cell. For TDD Only used for same ULDL allocation in neighbouring cells compared to the serving cell.
			System Information Block 6

				System Information Block 6
				  _SystemInformationBlockType6
				    carrierFreqListUTRA_FDD  _CarrierFreqUTRA_FDD
				          carrierFreq  10563
				          cellReselectionPriority  2
				          threshX_High  0
				          threshX_Low  6
				          q_RxLevMin  -58
				          p_MaxUTRA  33
				          q_QualMin  -18
				          q_QualMin[dB]  (-18)  -18
				    t_ReselectionUTRA  2
	ACD#1#3 @ 101@1 (2120.100 MHz) [11]

		ACD#1#3 @ 101@1 (2120.100 MHz) [11]
		eNodeB - ID404133 PCI437

			eNodeB - ID404133 PCI437
			Position
			State not available
			Database Base Station not in Database
			Provider P&T Luxembourg (MCC 270, MNC 1)
			GCI 270 1 3002 404133
			Tx Antenna 2
			EARFCN@Band 101@1
			dl_Bandwidth[MHz] (10) 10
			LTE-M no
			eMBMSDSS not supported
			5G NR no
			
			Master Information Block

				Master Information Block
				  _MasterInformationBlock
				    dl_Bandwidth  (3)  n50
				    dl_Bandwidth[MHz]  (10)  10
				    phich_Config  2
				        phich_Duration  (0)  normal
				        phich_Resource  (2)  one
				    systemFrameNumber  (0x2d)   '00101101'B
				    systemFrameNumber[]  (45)  45
				    schedulingInfoSIB1_BR_r13  0
				    systemInfoUnchanged_BR_r15  (0)  false
				    spare  (0x00)   '0000'B
			System Information Block 1

				System Information Block 1
				  _SystemInformationBlockType1
				    cellAccessRelatedInfo  7
				        plmn_IdentityList  _PLMN_IdentityInfo
				              plmn_Identity  2
				                  mcc  3
				                      MCC_MNC_Digit  2
				                      MCC_MNC_Digit  7
				                      MCC_MNC_Digit  0
				                  mnc  2
				                      MCC_MNC_Digit  0
				                      MCC_MNC_Digit  1
				              cellReservedForOperatorUse  (1)  notReserved
				        trackingAreaCode  (0x0bba)   '0000101110111010'B
				        trackingAreaCode[]  (3002)  3002
				        cellIdentity  (0x000fc921)   '0000000011111100100100100001'B
				        cellIdentity[28 Bit]  (1034529)  4041  33
				        cellBarred  (1)  notBarred
				        intraFreqReselection  (0)  allowed
				        csg_Indication  (0)  false
				    cellSelectionInfo  q_RxLevMin
				          -62
				    freqBandIndicator  1
				    schedulingInfoList  4
				        _SchedulingInfo
				          si_Periodicity  (0)  rf8
				          sib_MappingInfo  sibType3
				        _SchedulingInfo
				          si_Periodicity  (3)  rf64
				          sib_MappingInfo  sibType5
				        _SchedulingInfo
				          si_Periodicity  (3)  rf64
				          sib_MappingInfo  sibType6
				        _SchedulingInfo
				          si_Periodicity  (3)  rf64
				          sib_MappingInfo  sibType7
				    si_WindowLength  (3)  ms10
				    systemInfoValueTag  25
			System Information Block 2

				System Information Block 2
				  _SystemInformationBlockType2
				    radioResourceConfigCommon  19
				        rach_ConfigCommon  6
				            preambleInfo  numberOfRA_Preambles
				                  n52
				            powerRampingParameters  2
				                powerRampingStep  (2)  dB4
				                preambleInitialReceivedTargetPower  (5)  dBm_110
				            ra_SupervisionInfo  3
				                preambleTransMax  (6)  n10
				                ra_ResponseWindowSize  (7)  sf10
				                mac_ContentionResolutionTimer  (7)  sf64
				            maxHARQ_Msg3Tx  4
				        bcch_Config  modificationPeriodCoeff
				              n2
				        pcch_Config  2
				            defaultPagingCycle  (0)  rf32
				            nB  (1)  twoT
				        prach_Config  2
				            rootSequenceIndex  753
				            prach_ConfigInfo  4
				                prach_ConfigIndex  5
				                highSpeedFlag  (0)  false
				                zeroCorrelationZoneConfig  12
				                prach_FreqOffset  2
				        pdsch_ConfigCommon  2
				            referenceSignalPower  15
				            p_b  0
				        pusch_ConfigCommon  2
				            pusch_ConfigBasic  4
				                n_SB  1
				                hoppingMode  (0)  interSubFrame
				                pusch_HoppingOffset  0
				                enable64QAM  (1)  true
				            ul_ReferenceSignalsPUSCH  4
				                groupHoppingEnabled  (1)  true
				                groupAssignmentPUSCH  0
				                sequenceHoppingEnabled  (0)  false
				                cyclicShift  0
				        pucch_ConfigCommon  4
				            deltaPUCCH_Shift  (0)  ds1
				            nRB_CQI  2
				            nCS_AN  0
				            n1PUCCH_AN  8
				        soundingRS_UL_ConfigCommon setup 4
				              srs_BandwidthConfig  (0)  bw0
				              srs_SubframeConfig  (3)  sc3
				              ackNackSRS_SimultaneousTransmission  (1)  true
				        uplinkPowerControlCommon  5
				            p0_NominalPUSCH  -67
				            alpha  (4)  al07
				            p0_NominalPUCCH  -117
				            deltaFList_PUCCH  5
				                deltaF_PUCCH_Format1  (1)  deltaF0
				                deltaF_PUCCH_Format1b  (1)  deltaF3
				                deltaF_PUCCH_Format2  (1)  deltaF0
				                deltaF_PUCCH_Format2a  (1)  deltaF0
				                deltaF_PUCCH_Format2b  (1)  deltaF0
				            deltaPreambleMsg3  6
				            deltaPreambleMsg3[dB]  (12)  12
				        ul_CyclicPrefixLength  (0)  len1
				        Extension_Addition_Group  uplinkPowerControlCommon_v1020
				                deltaF_PUCCH_Format3_r10  (1)  deltaF0
				                deltaF_PUCCH_Format1bCS_r10  (1)  deltaF2
				        Extension_Addition_Group_3  pusch_ConfigCommon_v1270
				               enable64QAM_v1270 TruE
				    ue_TimersAndConstants  9
				        t300  (5)  ms1000
				        t301  (3)  ms400
				        t310  (6)  ms2000
				        n310  (7)  n20
				        t311  (1)  ms3000
				        n311  (0)  n1
				    freqInfo  additionalSpectrumEmission
				          1
				    timeAlignmentTimerCommon  (7)  infinity
			System Information Block 5

				System Information Block 5
				  _SystemInformationBlockType5 interFreqCarrierFreqList 4
				        _InterFreqCarrierFreqInfo
				          dl_CarrierFreq  9360
				          q_RxLevMin  -62
				          t_ReselectionEUTRA  1
				          threshX_High  4
				          threshX_Low  4
				          allowedMeasBandwidth  (3)  mbw50
				          presenceAntennaPort1  (1)  true
				          cellReselectionPriority  4
				          neighCellConfig  (0x02)   '10'B
				          neighCellConfig[]  (2)  The MBSFN subframe allocations of all neighbour cells are identical to or subsets of that in the serving cell. For TDD Only used for same ULDL allocation in neighbouring cells compared to the serving cell.
				        _InterFreqCarrierFreqInfo
				          dl_CarrierFreq  6200
				          q_RxLevMin  -62
				          t_ReselectionEUTRA  1
				          threshX_High  4
				          threshX_Low  4
				          allowedMeasBandwidth  (3)  mbw50
				          presenceAntennaPort1  (1)  true
				          cellReselectionPriority  4
				          neighCellConfig  (0x02)   '10'B
				          neighCellConfig[]  (2)  The MBSFN subframe allocations of all neighbour cells are identical to or subsets of that in the serving cell. For TDD Only used for same ULDL allocation in neighbouring cells compared to the serving cell.
				        _InterFreqCarrierFreqInfo
				          dl_CarrierFreq  2850
				          q_RxLevMin  -62
				          t_ReselectionEUTRA  1
				          threshX_High  4
				          threshX_Low  3
				          allowedMeasBandwidth  (5)  mbw100
				          presenceAntennaPort1  (1)  true
				          cellReselectionPriority  7
				          neighCellConfig  (0x02)   '10'B
				          neighCellConfig[]  (2)  The MBSFN subframe allocations of all neighbour cells are identical to or subsets of that in the serving cell. For TDD Only used for same ULDL allocation in neighbouring cells compared to the serving cell.
				        _InterFreqCarrierFreqInfo
				          dl_CarrierFreq  1800
				          q_RxLevMin  -62
				          t_ReselectionEUTRA  1
				          threshX_High  4
				          threshX_Low  3
				          allowedMeasBandwidth  (5)  mbw100
				          presenceAntennaPort1  (1)  true
				          cellReselectionPriority  7
				          neighCellConfig  (0x02)   '10'B
				          neighCellConfig[]  (2)  The MBSFN subframe allocations of all neighbour cells are identical to or subsets of that in the serving cell. For TDD Only used for same ULDL allocation in neighbouring cells compared to the serving cell.
			System Information Block 6

				System Information Block 6
				  _SystemInformationBlockType6
				    carrierFreqListUTRA_FDD  _CarrierFreqUTRA_FDD
				          carrierFreq  10563
				          cellReselectionPriority  2
				          threshX_High  0
				          threshX_Low  6
				          q_RxLevMin  -58
				          p_MaxUTRA  33
				          q_QualMin  -18
				          q_QualMin[dB]  (-18)  -18
				    t_ReselectionUTRA  2
	ACD#1#4 @ 2850@7 (2630.000 MHz) [11]

		ACD#1#4 @ 2850@7 (2630.000 MHz) [11]
		eNodeB - ID404123 PCI437

			eNodeB - ID404123 PCI437
			Position
			State not available
			Database Base Station not in Database
			Provider P&T Luxembourg (MCC 270, MNC 1)
			GCI 270 1 3002 404123
			Tx Antenna 4
			EARFCN@Band 2850@7
			dl_Bandwidth[MHz] (20) 20
			LTE-M no
			eMBMSDSS not supported
			5G NR no
			
			Master Information Block

				Master Information Block
				  _MasterInformationBlock
				    dl_Bandwidth  (5)  n100
				    dl_Bandwidth[MHz]  (20)  20
				    phich_Config  2
				        phich_Duration  (0)  normal
				        phich_Resource  (2)  one
				    systemFrameNumber  (0x46)   '01000110'B
				    systemFrameNumber[]  (70)  70
				    schedulingInfoSIB1_BR_r13  0
				    systemInfoUnchanged_BR_r15  (0)  false
				    spare  (0x00)   '0000'B
			System Information Block 1

				System Information Block 1
				  _SystemInformationBlockType1
				    cellAccessRelatedInfo  7
				        plmn_IdentityList  _PLMN_IdentityInfo
				              plmn_Identity  2
				                  mcc  3
				                      MCC_MNC_Digit  2
				                      MCC_MNC_Digit  7
				                      MCC_MNC_Digit  0
				                  mnc  2
				                      MCC_MNC_Digit  0
				                      MCC_MNC_Digit  1
				              cellReservedForOperatorUse  (1)  notReserved
				        trackingAreaCode  (0x0bba)   '0000101110111010'B
				        trackingAreaCode[]  (3002)  3002
				        cellIdentity  (0x000fc917)   '0000000011111100100100010111'B
				        cellIdentity[28 Bit]  (1034519)  4041  23
				        cellBarred  (1)  notBarred
				        intraFreqReselection  (0)  allowed
				        csg_Indication  (0)  false
				    cellSelectionInfo  q_RxLevMin
				          -62
				    freqBandIndicator  7
				    schedulingInfoList  4
				        _SchedulingInfo
				          si_Periodicity  (0)  rf8
				          sib_MappingInfo  sibType3
				        _SchedulingInfo
				          si_Periodicity  (3)  rf64
				          sib_MappingInfo  sibType5
				        _SchedulingInfo
				          si_Periodicity  (3)  rf64
				          sib_MappingInfo  sibType6
				        _SchedulingInfo
				          si_Periodicity  (3)  rf64
				          sib_MappingInfo  sibType7
				    si_WindowLength  (3)  ms10
				    systemInfoValueTag  3
			System Information Block 2

				System Information Block 2
				  _SystemInformationBlockType2
				    radioResourceConfigCommon  19
				        rach_ConfigCommon  6
				            preambleInfo  numberOfRA_Preambles
				                  n52
				            powerRampingParameters  2
				                powerRampingStep  (2)  dB4
				                preambleInitialReceivedTargetPower  (5)  dBm_110
				            ra_SupervisionInfo  3
				                preambleTransMax  (6)  n10
				                ra_ResponseWindowSize  (7)  sf10
				                mac_ContentionResolutionTimer  (7)  sf64
				            maxHARQ_Msg3Tx  4
				        bcch_Config  modificationPeriodCoeff
				              n2
				        pcch_Config  2
				            defaultPagingCycle  (0)  rf32
				            nB  (1)  twoT
				        prach_Config  2
				            rootSequenceIndex  753
				            prach_ConfigInfo  4
				                prach_ConfigIndex  4
				                highSpeedFlag  (0)  false
				                zeroCorrelationZoneConfig  12
				                prach_FreqOffset  3
				        pdsch_ConfigCommon  2
				            referenceSignalPower  15
				            p_b  0
				        pusch_ConfigCommon  2
				            pusch_ConfigBasic  4
				                n_SB  1
				                hoppingMode  (0)  interSubFrame
				                pusch_HoppingOffset  0
				                enable64QAM  (1)  true
				            ul_ReferenceSignalsPUSCH  4
				                groupHoppingEnabled  (1)  true
				                groupAssignmentPUSCH  0
				                sequenceHoppingEnabled  (0)  false
				                cyclicShift  0
				        pucch_ConfigCommon  4
				            deltaPUCCH_Shift  (0)  ds1
				            nRB_CQI  2
				            nCS_AN  0
				            n1PUCCH_AN  8
				        soundingRS_UL_ConfigCommon setup 4
				              srs_BandwidthConfig  (0)  bw0
				              srs_SubframeConfig  (5)  sc5
				              ackNackSRS_SimultaneousTransmission  (1)  true
				        uplinkPowerControlCommon  5
				            p0_NominalPUSCH  -67
				            alpha  (4)  al07
				            p0_NominalPUCCH  -117
				            deltaFList_PUCCH  5
				                deltaF_PUCCH_Format1  (1)  deltaF0
				                deltaF_PUCCH_Format1b  (1)  deltaF3
				                deltaF_PUCCH_Format2  (1)  deltaF0
				                deltaF_PUCCH_Format2a  (1)  deltaF0
				                deltaF_PUCCH_Format2b  (1)  deltaF0
				            deltaPreambleMsg3  6
				            deltaPreambleMsg3[dB]  (12)  12
				        ul_CyclicPrefixLength  (0)  len1
				        Extension_Addition_Group  uplinkPowerControlCommon_v1020
				                deltaF_PUCCH_Format3_r10  (1)  deltaF0
				                deltaF_PUCCH_Format1bCS_r10  (1)  deltaF2
				        Extension_Addition_Group_3  pusch_ConfigCommon_v1270
				               enable64QAM_v1270 TruE
				    ue_TimersAndConstants  9
				        t300  (5)  ms1000
				        t301  (3)  ms400
				        t310  (6)  ms2000
				        n310  (7)  n20
				        t311  (1)  ms3000
				        n311  (0)  n1
				    freqInfo  additionalSpectrumEmission
				          1
				    timeAlignmentTimerCommon  (7)  infinity
			System Information Block 5

				System Information Block 5
				  _SystemInformationBlockType5 interFreqCarrierFreqList 4
				        _InterFreqCarrierFreqInfo
				          dl_CarrierFreq  9360
				          q_RxLevMin  -62
				          t_ReselectionEUTRA  1
				          threshX_High  4
				          threshX_Low  4
				          allowedMeasBandwidth  (3)  mbw50
				          presenceAntennaPort1  (1)  true
				          cellReselectionPriority  4
				          neighCellConfig  (0x02)   '10'B
				          neighCellConfig[]  (2)  The MBSFN subframe allocations of all neighbour cells are identical to or subsets of that in the serving cell. For TDD Only used for same ULDL allocation in neighbouring cells compared to the serving cell.
				        _InterFreqCarrierFreqInfo
				          dl_CarrierFreq  6200
				          q_RxLevMin  -62
				          t_ReselectionEUTRA  1
				          threshX_High  4
				          threshX_Low  4
				          allowedMeasBandwidth  (3)  mbw50
				          presenceAntennaPort1  (1)  true
				          cellReselectionPriority  4
				          neighCellConfig  (0x02)   '10'B
				          neighCellConfig[]  (2)  The MBSFN subframe allocations of all neighbour cells are identical to or subsets of that in the serving cell. For TDD Only used for same ULDL allocation in neighbouring cells compared to the serving cell.
				        _InterFreqCarrierFreqInfo
				          dl_CarrierFreq  1800
				          q_RxLevMin  -62
				          t_ReselectionEUTRA  1
				          threshX_High  4
				          threshX_Low  3
				          allowedMeasBandwidth  (5)  mbw100
				          presenceAntennaPort1  (1)  true
				          cellReselectionPriority  7
				          neighCellConfig  (0x02)   '10'B
				          neighCellConfig[]  (2)  The MBSFN subframe allocations of all neighbour cells are identical to or subsets of that in the serving cell. For TDD Only used for same ULDL allocation in neighbouring cells compared to the serving cell.
				        _InterFreqCarrierFreqInfo
				          dl_CarrierFreq  101
				          q_RxLevMin  -62
				          t_ReselectionEUTRA  1
				          threshX_High  4
				          threshX_Low  4
				          allowedMeasBandwidth  (3)  mbw50
				          presenceAntennaPort1  (1)  true
				          cellReselectionPriority  5
				          neighCellConfig  (0x02)   '10'B
				          neighCellConfig[]  (2)  The MBSFN subframe allocations of all neighbour cells are identical to or subsets of that in the serving cell. For TDD Only used for same ULDL allocation in neighbouring cells compared to the serving cell.
			System Information Block 6

				System Information Block 6
				  _SystemInformationBlockType6
				    carrierFreqListUTRA_FDD  _CarrierFreqUTRA_FDD
				          carrierFreq  10563
				          cellReselectionPriority  2
				          threshX_High  0
				          threshX_Low  6
				          q_RxLevMin  -58
				          p_MaxUTRA  33
				          q_QualMin  -18
				          q_QualMin[dB]  (-18)  -18
				    t_ReselectionUTRA  2
	ACD#1#5 @ 6200@20 (796.000 MHz) [11]

		ACD#1#5 @ 6200@20 (796.000 MHz) [11]
		eNodeB - ID404113 PCI437

			eNodeB - ID404113 PCI437
			Position
			State not available
			Database Base Station not in Database
			Provider P&T Luxembourg (MCC 270, MNC 1)
			GCI 270 1 3002 404113
			Tx Antenna 2
			EARFCN@Band 6200@20
			dl_Bandwidth[MHz] (10) 10
			LTE-M yes
			eMBMSDSS not supported
			5G NR no
			
			Master Information Block

				Master Information Block
				  _MasterInformationBlock
				    dl_Bandwidth  (3)  n50
				    dl_Bandwidth[MHz]  (10)  10
				    phich_Config  2
				        phich_Duration  (0)  normal
				        phich_Resource  (2)  one
				    systemFrameNumber  (0x7a)   '01111010'B
				    systemFrameNumber[]  (122)  122
				    schedulingInfoSIB1_BR_r13  15
				    systemInfoUnchanged_BR_r15  (0)  false
				    spare  (0x00)   '0000'B
			System Information Block 1

				System Information Block 1
				  _SystemInformationBlockType1
				    cellAccessRelatedInfo  7
				        plmn_IdentityList  _PLMN_IdentityInfo
				              plmn_Identity  2
				                  mcc  3
				                      MCC_MNC_Digit  2
				                      MCC_MNC_Digit  7
				                      MCC_MNC_Digit  0
				                  mnc  2
				                      MCC_MNC_Digit  0
				                      MCC_MNC_Digit  1
				              cellReservedForOperatorUse  (1)  notReserved
				        trackingAreaCode  (0x0bba)   '0000101110111010'B
				        trackingAreaCode[]  (3002)  3002
				        cellIdentity  (0x000fc90d)   '0000000011111100100100001101'B
				        cellIdentity[28 Bit]  (1034509)  4041  13
				        cellBarred  (1)  notBarred
				        intraFreqReselection  (0)  allowed
				        csg_Indication  (0)  false
				    cellSelectionInfo  q_RxLevMin
				          -62
				    freqBandIndicator  20
				    schedulingInfoList  4
				        _SchedulingInfo
				          si_Periodicity  (0)  rf8
				          sib_MappingInfo  sibType3
				        _SchedulingInfo
				          si_Periodicity  (3)  rf64
				          sib_MappingInfo  sibType5
				        _SchedulingInfo
				          si_Periodicity  (3)  rf64
				          sib_MappingInfo  sibType6
				        _SchedulingInfo
				          si_Periodicity  (3)  rf64
				          sib_MappingInfo  sibType7
				    si_WindowLength  (3)  ms10
				    systemInfoValueTag  1
			System Information Block 2

				System Information Block 2
				  _SystemInformationBlockType2
				    radioResourceConfigCommon  19
				        rach_ConfigCommon  6
				            preambleInfo  numberOfRA_Preambles
				                  n52
				            powerRampingParameters  2
				                powerRampingStep  (2)  dB4
				                preambleInitialReceivedTargetPower  (5)  dBm_110
				            ra_SupervisionInfo  3
				                preambleTransMax  (6)  n10
				                ra_ResponseWindowSize  (7)  sf10
				                mac_ContentionResolutionTimer  (7)  sf64
				            maxHARQ_Msg3Tx  4
				        bcch_Config  modificationPeriodCoeff
				              n2
				        pcch_Config  2
				            defaultPagingCycle  (0)  rf32
				            nB  (1)  twoT
				        prach_Config  2
				            rootSequenceIndex  753
				            prach_ConfigInfo  4
				                prach_ConfigIndex  5
				                highSpeedFlag  (0)  false
				                zeroCorrelationZoneConfig  12
				                prach_FreqOffset  3
				        pdsch_ConfigCommon  2
				            referenceSignalPower  15
				            p_b  0
				        pusch_ConfigCommon  2
				            pusch_ConfigBasic  4
				                n_SB  1
				                hoppingMode  (0)  interSubFrame
				                pusch_HoppingOffset  0
				                enable64QAM  (1)  true
				            ul_ReferenceSignalsPUSCH  4
				                groupHoppingEnabled  (1)  true
				                groupAssignmentPUSCH  0
				                sequenceHoppingEnabled  (0)  false
				                cyclicShift  0
				        pucch_ConfigCommon  4
				            deltaPUCCH_Shift  (0)  ds1
				            nRB_CQI  4
				            nCS_AN  0
				            n1PUCCH_AN  8
				        soundingRS_UL_ConfigCommon setup 4
				              srs_BandwidthConfig  (0)  bw0
				              srs_SubframeConfig  (3)  sc3
				              ackNackSRS_SimultaneousTransmission  (1)  true
				        uplinkPowerControlCommon  5
				            p0_NominalPUSCH  -67
				            alpha  (4)  al07
				            p0_NominalPUCCH  -117
				            deltaFList_PUCCH  5
				                deltaF_PUCCH_Format1  (1)  deltaF0
				                deltaF_PUCCH_Format1b  (1)  deltaF3
				                deltaF_PUCCH_Format2  (1)  deltaF0
				                deltaF_PUCCH_Format2a  (1)  deltaF0
				                deltaF_PUCCH_Format2b  (1)  deltaF0
				            deltaPreambleMsg3  6
				            deltaPreambleMsg3[dB]  (12)  12
				        ul_CyclicPrefixLength  (0)  len1
				        Extension_Addition_Group  uplinkPowerControlCommon_v1020
				                deltaF_PUCCH_Format3_r10  (1)  deltaF0
				                deltaF_PUCCH_Format1bCS_r10  (1)  deltaF2
				        Extension_Addition_Group_3  pusch_ConfigCommon_v1270
				               enable64QAM_v1270 TruE
				    ue_TimersAndConstants  9
				        t300  (5)  ms1000
				        t301  (3)  ms400
				        t310  (6)  ms2000
				        n310  (7)  n20
				        t311  (1)  ms3000
				        n311  (0)  n1
				    freqInfo  additionalSpectrumEmission
				          1
				    timeAlignmentTimerCommon  (7)  infinity
			System Information Block 5

				System Information Block 5
				  _SystemInformationBlockType5 interFreqCarrierFreqList 4
				        _InterFreqCarrierFreqInfo
				          dl_CarrierFreq  9360
				          q_RxLevMin  -62
				          t_ReselectionEUTRA  1
				          threshX_High  4
				          threshX_Low  4
				          allowedMeasBandwidth  (3)  mbw50
				          presenceAntennaPort1  (1)  true
				          cellReselectionPriority  4
				          neighCellConfig  (0x02)   '10'B
				          neighCellConfig[]  (2)  The MBSFN subframe allocations of all neighbour cells are identical to or subsets of that in the serving cell. For TDD Only used for same ULDL allocation in neighbouring cells compared to the serving cell.
				        _InterFreqCarrierFreqInfo
				          dl_CarrierFreq  2850
				          q_RxLevMin  -62
				          t_ReselectionEUTRA  1
				          threshX_High  4
				          threshX_Low  3
				          allowedMeasBandwidth  (5)  mbw100
				          presenceAntennaPort1  (1)  true
				          cellReselectionPriority  7
				          neighCellConfig  (0x02)   '10'B
				          neighCellConfig[]  (2)  The MBSFN subframe allocations of all neighbour cells are identical to or subsets of that in the serving cell. For TDD Only used for same ULDL allocation in neighbouring cells compared to the serving cell.
				        _InterFreqCarrierFreqInfo
				          dl_CarrierFreq  1800
				          q_RxLevMin  -62
				          t_ReselectionEUTRA  1
				          threshX_High  4
				          threshX_Low  3
				          allowedMeasBandwidth  (5)  mbw100
				          presenceAntennaPort1  (1)  true
				          cellReselectionPriority  7
				          neighCellConfig  (0x02)   '10'B
				          neighCellConfig[]  (2)  The MBSFN subframe allocations of all neighbour cells are identical to or subsets of that in the serving cell. For TDD Only used for same ULDL allocation in neighbouring cells compared to the serving cell.
				        _InterFreqCarrierFreqInfo
				          dl_CarrierFreq  101
				          q_RxLevMin  -62
				          t_ReselectionEUTRA  1
				          threshX_High  4
				          threshX_Low  4
				          allowedMeasBandwidth  (3)  mbw50
				          presenceAntennaPort1  (1)  true
				          cellReselectionPriority  5
				          neighCellConfig  (0x02)   '10'B
				          neighCellConfig[]  (2)  The MBSFN subframe allocations of all neighbour cells are identical to or subsets of that in the serving cell. For TDD Only used for same ULDL allocation in neighbouring cells compared to the serving cell.
			System Information Block 6

				System Information Block 6
				  _SystemInformationBlockType6
				    carrierFreqListUTRA_FDD  _CarrierFreqUTRA_FDD
				          carrierFreq  10563
				          cellReselectionPriority  2
				          threshX_High  0
				          threshX_Low  6
				          q_RxLevMin  -58
				          p_MaxUTRA  33
				          q_QualMin  -18
				          q_QualMin[dB]  (-18)  -18
				    t_ReselectionUTRA  2
Provider Information not decoded yet [1212]

	Provider Information not decoded yet [1212]
	ACD#1#1 @ 1844.600 MHz [22]

		ACD#1#1 @ 1844.600 MHz [22]
		eNodeB - IDn.a. PCI28

			eNodeB - IDn.a. PCI28
			Position
			State not available
			Database Base Station not in Database
			Provider Provider Information not decoded yet
			GCI --- --- --- ---
			Tx Antenna 2
			EARFCN@Band 
			dl_Bandwidth[MHz] (20) 20
			LTE-M no
			eMBMS ---
			5G NR no
			
			Master Information Block

				Master Information Block
				  _MasterInformationBlock
				    dl_Bandwidth  (5)  n100
				    dl_Bandwidth[MHz]  (20)  20
				    phich_Config  2
				        phich_Duration  (0)  normal
				        phich_Resource  (2)  one
				    systemFrameNumber  (0x1f)   '00011111'B
				    systemFrameNumber[]  (31)  31
				    schedulingInfoSIB1_BR_r13  0
				    systemInfoUnchanged_BR_r15  (0)  false
				    spare  (0x00)   '0000'B
		eNodeB - IDn.a. PCI336

			eNodeB - IDn.a. PCI336
			Position
			State not available
			Database Base Station not in Database
			Provider Provider Information not decoded yet
			GCI --- --- --- ---
			Tx Antenna 2
			EARFCN@Band 
			dl_Bandwidth[MHz] (20) 20
			LTE-M no
			eMBMS ---
			5G NR no
			
			Master Information Block

				Master Information Block
				  _MasterInformationBlock
				    dl_Bandwidth  (5)  n100
				    dl_Bandwidth[MHz]  (20)  20
				    phich_Config  2
				        phich_Duration  (0)  normal
				        phich_Resource  (2)  one
				    systemFrameNumber  (0x1b)   '00011011'B
				    systemFrameNumber[]  (27)  27
				    schedulingInfoSIB1_BR_r13  0
				    systemInfoUnchanged_BR_r15  (0)  false
				    spare  (0x00)   '0000'B
	ACD#1#2 @ 1865.000 MHz [00]

		ACD#1#2 @ 1865.000 MHz [00]
	ACD#1#3 @ 2120.100 MHz [11]

		ACD#1#3 @ 2120.100 MHz [11]
		eNodeB - IDn.a. PCI436

			eNodeB - IDn.a. PCI436
			Position
			State not available
			Database Base Station not in Database
			Provider Provider Information not decoded yet
			GCI --- --- --- ---
			Tx Antenna 2
			EARFCN@Band 
			dl_Bandwidth[MHz] (10) 10
			LTE-M no
			eMBMS ---
			5G NR no
			
			Master Information Block

				Master Information Block
				  _MasterInformationBlock
				    dl_Bandwidth  (3)  n50
				    dl_Bandwidth[MHz]  (10)  10
				    phich_Config  2
				        phich_Duration  (0)  normal
				        phich_Resource  (2)  one
				    systemFrameNumber  (0x91)   '10010001'B
				    systemFrameNumber[]  (145)  145
				    schedulingInfoSIB1_BR_r13  0
				    systemInfoUnchanged_BR_r15  (0)  false
				    spare  (0x00)   '0000'B
	ACD#1#4 @ 2630.000 MHz [00]

		ACD#1#4 @ 2630.000 MHz [00]
	ACD#1#5 @ 796.000 MHz [11]

		ACD#1#5 @ 796.000 MHz [11]
		eNodeB - IDn.a. PCI436

			eNodeB - IDn.a. PCI436
			Position
			State not available
			Database Base Station not in Database
			Provider Provider Information not decoded yet
			GCI --- --- --- ---
			Tx Antenna 2
			EARFCN@Band 
			dl_Bandwidth[MHz] (10) 10
			LTE-M yes
			eMBMS ---
			5G NR no
			
			Master Information Block

				Master Information Block
				  _MasterInformationBlock
				    dl_Bandwidth  (3)  n50
				    dl_Bandwidth[MHz]  (10)  10
				    phich_Config  2
				        phich_Duration  (0)  normal
				        phich_Resource  (2)  one
				    systemFrameNumber  (0xb4)   '10110100'B
				    systemFrameNumber[]  (180)  180
				    schedulingInfoSIB1_BR_r13  15
				    systemInfoUnchanged_BR_r15  (0)  false
				    spare  (0x00)   '0000'B
	ACD#1#6 @ 806.000 MHz [22]

		ACD#1#6 @ 806.000 MHz [22]
		eNodeB - IDn.a. PCI259

			eNodeB - IDn.a. PCI259
			Position
			State not available
			Database Base Station not in Database
			Provider Provider Information not decoded yet
			GCI --- --- --- ---
			Tx Antenna 2
			EARFCN@Band 
			dl_Bandwidth[MHz] (10) 10
			LTE-M no
			eMBMS ---
			5G NR no
			
			Master Information Block

				Master Information Block
				  _MasterInformationBlock
				    dl_Bandwidth  (3)  n50
				    dl_Bandwidth[MHz]  (10)  10
				    phich_Config  2
				        phich_Duration  (0)  normal
				        phich_Resource  (2)  one
				    systemFrameNumber  (0x95)   '10010101'B
				    systemFrameNumber[]  (149)  149
				    schedulingInfoSIB1_BR_r13  0
				    systemInfoUnchanged_BR_r15  (0)  false
				    spare  (0x00)   '0000'B
		eNodeB - IDn.a. PCI76

			eNodeB - IDn.a. PCI76
			Position
			State not available
			Database Base Station not in Database
			Provider Provider Information not decoded yet
			GCI --- --- --- ---
			Tx Antenna 2
			EARFCN@Band 
			dl_Bandwidth[MHz] (10) 10
			LTE-M no
			eMBMS ---
			5G NR no
			
			Master Information Block

				Master Information Block
				  _MasterInformationBlock
				    dl_Bandwidth  (3)  n50
				    dl_Bandwidth[MHz]  (10)  10
				    phich_Config  2
				        phich_Duration  (0)  normal
				        phich_Resource  (2)  one
				    systemFrameNumber  (0xa7)   '10100111'B
				    systemFrameNumber[]  (167)  167
				    schedulingInfoSIB1_BR_r13  0
				    systemInfoUnchanged_BR_r15  (0)  false
				    spare  (0x00)   '0000'B
	ACD#1#7 @ 816.000 MHz [00]

		ACD#1#7 @ 816.000 MHz [00]
	ACD#1#8 @ 1820.000 MHz [66]

		ACD#1#8 @ 1820.000 MHz [66]
		eNodeB - IDn.a. PCI229

			eNodeB - IDn.a. PCI229
			Position
			State not available
			Database Base Station not in Database
			Provider Provider Information not decoded yet
			GCI --- --- --- ---
			Tx Antenna 2
			EARFCN@Band 
			dl_Bandwidth[MHz] (20) 20
			LTE-M no
			eMBMS ---
			5G NR no
			
			Master Information Block

				Master Information Block
				  _MasterInformationBlock
				    dl_Bandwidth  (5)  n100
				    dl_Bandwidth[MHz]  (20)  20
				    phich_Config  2
				        phich_Duration  (0)  normal
				        phich_Resource  (2)  one
				    systemFrameNumber  (0xf7)   '11110111'B
				    systemFrameNumber[]  (247)  247
				    schedulingInfoSIB1_BR_r13  0
				    systemInfoUnchanged_BR_r15  (0)  false
				    spare  (0x00)   '0000'B
		eNodeB - IDn.a. PCI287

			eNodeB - IDn.a. PCI287
			Position
			State not available
			Database Base Station not in Database
			Provider Provider Information not decoded yet
			GCI --- --- --- ---
			Tx Antenna 2
			EARFCN@Band 
			dl_Bandwidth[MHz] (20) 20
			LTE-M no
			eMBMS ---
			5G NR no
			
			Master Information Block

				Master Information Block
				  _MasterInformationBlock
				    dl_Bandwidth  (5)  n100
				    dl_Bandwidth[MHz]  (20)  20
				    phich_Config  2
				        phich_Duration  (0)  normal
				        phich_Resource  (2)  one
				    systemFrameNumber  (0xeb)   '11101011'B
				    systemFrameNumber[]  (235)  235
				    schedulingInfoSIB1_BR_r13  0
				    systemInfoUnchanged_BR_r15  (0)  false
				    spare  (0x00)   '0000'B
		eNodeB - IDn.a. PCI287

			eNodeB - IDn.a. PCI287
			Position
			State not available
			Database Base Station not in Database
			Provider Provider Information not decoded yet
			GCI --- --- --- ---
			Tx Antenna 2
			EARFCN@Band 
			dl_Bandwidth[MHz] (20) 20
			LTE-M no
			eMBMS ---
			5G NR no
			
			Master Information Block

				Master Information Block
				  _MasterInformationBlock
				    dl_Bandwidth  (5)  n100
				    dl_Bandwidth[MHz]  (20)  20
				    phich_Config  2
				        phich_Duration  (0)  normal
				        phich_Resource  (2)  one
				    systemFrameNumber  (0xb6)   '10110110'B
				    systemFrameNumber[]  (182)  182
				    schedulingInfoSIB1_BR_r13  0
				    systemInfoUnchanged_BR_r15  (0)  false
				    spare  (0x00)   '0000'B
		eNodeB - IDn.a. PCI314

			eNodeB - IDn.a. PCI314
			Position
			State not available
			Database Base Station not in Database
			Provider Provider Information not decoded yet
			GCI --- --- --- ---
			Tx Antenna 2
			EARFCN@Band 
			dl_Bandwidth[MHz] (20) 20
			LTE-M no
			eMBMS ---
			5G NR no
			
			Master Information Block

				Master Information Block
				  _MasterInformationBlock
				    dl_Bandwidth  (5)  n100
				    dl_Bandwidth[MHz]  (20)  20
				    phich_Config  2
				        phich_Duration  (0)  normal
				        phich_Resource  (2)  one
				    systemFrameNumber  (0x21)   '00100001'B
				    systemFrameNumber[]  (33)  33
				    schedulingInfoSIB1_BR_r13  0
				    systemInfoUnchanged_BR_r15  (0)  false
				    spare  (0x00)   '0000'B
		eNodeB - IDn.a. PCI388

			eNodeB - IDn.a. PCI388
			Position
			State not available
			Database Base Station not in Database
			Provider Provider Information not decoded yet
			GCI --- --- --- ---
			Tx Antenna 2
			EARFCN@Band 
			dl_Bandwidth[MHz] (20) 20
			LTE-M no
			eMBMS ---
			5G NR no
			
			Master Information Block

				Master Information Block
				  _MasterInformationBlock
				    dl_Bandwidth  (5)  n100
				    dl_Bandwidth[MHz]  (20)  20
				    phich_Config  2
				        phich_Duration  (0)  normal
				        phich_Resource  (2)  one
				    systemFrameNumber  (0x49)   '01001001'B
				    systemFrameNumber[]  (73)  73
				    schedulingInfoSIB1_BR_r13  0
				    systemInfoUnchanged_BR_r15  (0)  false
				    spare  (0x00)   '0000'B
		eNodeB - IDn.a. PCI63

			eNodeB - IDn.a. PCI63
			Position
			State not available
			Database Base Station not in Database
			Provider Provider Information not decoded yet
			GCI --- --- --- ---
			Tx Antenna 4
			EARFCN@Band 
			dl_Bandwidth[MHz] (20) 20
			LTE-M no
			eMBMS ---
			5G NR no
			
			Master Information Block

				Master Information Block
				  _MasterInformationBlock
				    dl_Bandwidth  (5)  n100
				    dl_Bandwidth[MHz]  (20)  20
				    phich_Config  2
				        phich_Duration  (0)  normal
				        phich_Resource  (0)  oneSixth
				    systemFrameNumber  (0x19)   '00011001'B
				    systemFrameNumber[]  (25)  25
				    schedulingInfoSIB1_BR_r13  0
				    systemInfoUnchanged_BR_r15  (0)  false
				    spare  (0x00)   '0000'B
Tango (MCC 270, MNC 77) [33]

	Tango (MCC 270, MNC 77) [33]
	ACD#1#1 @ 1596@3 (1844.600 MHz) [22]

		ACD#1#1 @ 1596@3 (1844.600 MHz) [22]
		eNodeB - ID4363182 PCI337

			eNodeB - ID4363182 PCI337
			Position
			State not available
			Database Base Station not in Database
			Provider Tango (MCC 270, MNC 77)
			GCI 270 77 1 4363182
			Tx Antenna 2
			EARFCN@Band 1596@3
			dl_Bandwidth[MHz] (20) 20
			LTE-M no
			eMBMSDSS not supported
			5G NR no
			
			Master Information Block

				Master Information Block
				  _MasterInformationBlock
				    dl_Bandwidth  (5)  n100
				    dl_Bandwidth[MHz]  (20)  20
				    phich_Config  2
				        phich_Duration  (0)  normal
				        phich_Resource  (2)  one
				    systemFrameNumber  (0x72)   '01110010'B
				    systemFrameNumber[]  (114)  114
				    schedulingInfoSIB1_BR_r13  0
				    systemInfoUnchanged_BR_r15  (0)  false
				    spare  (0x00)   '0000'B
			System Information Block 1

				System Information Block 1
				  _SystemInformationBlockType1
				    cellAccessRelatedInfo  7
				        plmn_IdentityList  _PLMN_IdentityInfo
				              plmn_Identity  2
				                  mcc  3
				                      MCC_MNC_Digit  2
				                      MCC_MNC_Digit  7
				                      MCC_MNC_Digit  0
				                  mnc  2
				                      MCC_MNC_Digit  7
				                      MCC_MNC_Digit  7
				              cellReservedForOperatorUse  (1)  notReserved
				        trackingAreaCode  (0x0001)   '0000000000000001'B
				        trackingAreaCode[]  (1)  1
				        cellIdentity  (0x00110bb6)   '0000000100010000101110110110'B
				        cellIdentity[28 Bit]  (1117110)  4363  182
				        cellBarred  (1)  notBarred
				        intraFreqReselection  (0)  allowed
				        csg_Indication  (0)  false
				    cellSelectionInfo  q_RxLevMin
				          -60
				    freqBandIndicator  3
				    schedulingInfoList  3
				        _SchedulingInfo
				          si_Periodicity  (1)  rf16
				          sib_MappingInfo  sibType3
				        _SchedulingInfo
				          si_Periodicity  (2)  rf32
				          sib_MappingInfo  sibType5
				        _SchedulingInfo
				          si_Periodicity  (3)  rf64
				          sib_MappingInfo  sibType6
				    si_WindowLength  (6)  ms40
				    systemInfoValueTag  17
			System Information Block 2

				System Information Block 2
				  _SystemInformationBlockType2
				    radioResourceConfigCommon  19
				        rach_ConfigCommon  6
				            preambleInfo  2
				                numberOfRA_Preambles  (12)  n52
				                preamblesGroupAConfig  3
				                    sizeOfRA_PreamblesGroupA  (6)  n28
				                    messageSizeGroupA  (0)  b56
				                    messagePowerOffsetGroupB  (4)  dB10
				            powerRampingParameters  2
				                powerRampingStep  (1)  dB2
				                preambleInitialReceivedTargetPower  (8)  dBm_104
				            ra_SupervisionInfo  3
				                preambleTransMax  (6)  n10
				                ra_ResponseWindowSize  (7)  sf10
				                mac_ContentionResolutionTimer  (7)  sf64
				            maxHARQ_Msg3Tx  5
				        bcch_Config  modificationPeriodCoeff
				              n2
				        pcch_Config  2
				            defaultPagingCycle  (2)  rf128
				            nB  (2)  oneT
				        prach_Config  2
				            rootSequenceIndex  152
				            prach_ConfigInfo  4
				                prach_ConfigIndex  8
				                highSpeedFlag  (0)  false
				                zeroCorrelationZoneConfig  12
				                prach_FreqOffset  6
				        pdsch_ConfigCommon  2
				            referenceSignalPower  15
				            p_b  0
				        pusch_ConfigCommon  2
				            pusch_ConfigBasic  4
				                n_SB  4
				                hoppingMode  (0)  interSubFrame
				                pusch_HoppingOffset  12
				                enable64QAM  (1)  true
				            ul_ReferenceSignalsPUSCH  4
				                groupHoppingEnabled  (0)  false
				                groupAssignmentPUSCH  0
				                sequenceHoppingEnabled  (0)  false
				                cyclicShift  0
				        pucch_ConfigCommon  4
				            deltaPUCCH_Shift  (1)  ds2
				            nRB_CQI  2
				            nCS_AN  0
				            n1PUCCH_AN  24
				        soundingRS_UL_ConfigCommon setup 4
				              srs_BandwidthConfig  (3)  bw3
				              srs_SubframeConfig  (3)  sc3
				              ackNackSRS_SimultaneousTransmission  (1)  true
				        uplinkPowerControlCommon  5
				            p0_NominalPUSCH  -67
				            alpha  (4)  al07
				            p0_NominalPUCCH  -115
				            deltaFList_PUCCH  5
				                deltaF_PUCCH_Format1  (1)  deltaF0
				                deltaF_PUCCH_Format1b  (1)  deltaF3
				                deltaF_PUCCH_Format2  (2)  deltaF1
				                deltaF_PUCCH_Format2a  (2)  deltaF2
				                deltaF_PUCCH_Format2b  (2)  deltaF2
				            deltaPreambleMsg3  4
				            deltaPreambleMsg3[dB]  (8)  8
				        ul_CyclicPrefixLength  (0)  len1
				        Extension_Addition_Group_3  pusch_ConfigCommon_v1270
				               enable64QAM_v1270 TruE
				    ue_TimersAndConstants  9
				        t300  (1)  ms200
				        t301  (1)  ms200
				        t310  (5)  ms1000
				        n310  (6)  n10
				        t311  (3)  ms10000
				        n311  (0)  n1
				    freqInfo  3
				        ul_CarrierFreq  19596
				        ul_Bandwidth  (5)  n100
				        additionalSpectrumEmission  1
				    timeAlignmentTimerCommon  (3)  sf1920
			System Information Block 5

				System Information Block 5
				  _SystemInformationBlockType5 interFreqCarrierFreqList 1
				        _InterFreqCarrierFreqInfo
				          dl_CarrierFreq  6300
				          q_RxLevMin  -60
				          p_Max  24
				          t_ReselectionEUTRA  1
				          threshX_High  11
				          threshX_Low  3
				          allowedMeasBandwidth  (3)  mbw50
				          presenceAntennaPort1  (0)  false
				          cellReselectionPriority  5
				          neighCellConfig  (0x01)   '01'B
				          neighCellConfig[]  (1)  No MBSFN subframes are present in all neighbour cells. For TDD Only used for same ULDL allocation in neighbouring cells compared to the serving cell.
			System Information Block 6

				System Information Block 6
				  _SystemInformationBlockType6
				    carrierFreqListUTRA_FDD  _CarrierFreqUTRA_FDD
				          carrierFreq  10712
				          cellReselectionPriority  3
				          threshX_High  0
				          threshX_Low  0
				          q_RxLevMin  -52
				          p_MaxUTRA  24
				          q_QualMin  -20
				          q_QualMin[dB]  (-20)  -20
				    t_ReselectionUTRA  1
		eNodeB - ID4363183 PCI338

			eNodeB - ID4363183 PCI338
			Position
			State not available
			Database Base Station not in Database
			Provider Tango (MCC 270, MNC 77)
			GCI 270 77 1 4363183
			Tx Antenna 2
			EARFCN@Band 1596@3
			dl_Bandwidth[MHz] (20) 20
			LTE-M no
			eMBMSDSS not supported
			5G NR no
			
			Master Information Block

				Master Information Block
				  _MasterInformationBlock
				    dl_Bandwidth  (5)  n100
				    dl_Bandwidth[MHz]  (20)  20
				    phich_Config  2
				        phich_Duration  (0)  normal
				        phich_Resource  (2)  one
				    systemFrameNumber  (0x6e)   '01101110'B
				    systemFrameNumber[]  (110)  110
				    schedulingInfoSIB1_BR_r13  0
				    systemInfoUnchanged_BR_r15  (0)  false
				    spare  (0x00)   '0000'B
			System Information Block 1

				System Information Block 1
				  _SystemInformationBlockType1
				    cellAccessRelatedInfo  7
				        plmn_IdentityList  _PLMN_IdentityInfo
				              plmn_Identity  2
				                  mcc  3
				                      MCC_MNC_Digit  2
				                      MCC_MNC_Digit  7
				                      MCC_MNC_Digit  0
				                  mnc  2
				                      MCC_MNC_Digit  7
				                      MCC_MNC_Digit  7
				              cellReservedForOperatorUse  (1)  notReserved
				        trackingAreaCode  (0x0001)   '0000000000000001'B
				        trackingAreaCode[]  (1)  1
				        cellIdentity  (0x00110bb7)   '0000000100010000101110110111'B
				        cellIdentity[28 Bit]  (1117111)  4363  183
				        cellBarred  (1)  notBarred
				        intraFreqReselection  (0)  allowed
				        csg_Indication  (0)  false
				    cellSelectionInfo  q_RxLevMin
				          -60
				    freqBandIndicator  3
				    schedulingInfoList  3
				        _SchedulingInfo
				          si_Periodicity  (1)  rf16
				          sib_MappingInfo  sibType3
				        _SchedulingInfo
				          si_Periodicity  (2)  rf32
				          sib_MappingInfo  sibType5
				        _SchedulingInfo
				          si_Periodicity  (3)  rf64
				          sib_MappingInfo  sibType6
				    si_WindowLength  (6)  ms40
				    systemInfoValueTag  8
			System Information Block 2

				System Information Block 2
				  _SystemInformationBlockType2
				    radioResourceConfigCommon  19
				        rach_ConfigCommon  6
				            preambleInfo  2
				                numberOfRA_Preambles  (12)  n52
				                preamblesGroupAConfig  3
				                    sizeOfRA_PreamblesGroupA  (6)  n28
				                    messageSizeGroupA  (0)  b56
				                    messagePowerOffsetGroupB  (4)  dB10
				            powerRampingParameters  2
				                powerRampingStep  (1)  dB2
				                preambleInitialReceivedTargetPower  (8)  dBm_104
				            ra_SupervisionInfo  3
				                preambleTransMax  (6)  n10
				                ra_ResponseWindowSize  (7)  sf10
				                mac_ContentionResolutionTimer  (7)  sf64
				            maxHARQ_Msg3Tx  5
				        bcch_Config  modificationPeriodCoeff
				              n2
				        pcch_Config  2
				            defaultPagingCycle  (2)  rf128
				            nB  (2)  oneT
				        prach_Config  2
				            rootSequenceIndex  160
				            prach_ConfigInfo  4
				                prach_ConfigIndex  7
				                highSpeedFlag  (0)  false
				                zeroCorrelationZoneConfig  12
				                prach_FreqOffset  6
				        pdsch_ConfigCommon  2
				            referenceSignalPower  15
				            p_b  0
				        pusch_ConfigCommon  2
				            pusch_ConfigBasic  4
				                n_SB  4
				                hoppingMode  (0)  interSubFrame
				                pusch_HoppingOffset  12
				                enable64QAM  (1)  true
				            ul_ReferenceSignalsPUSCH  4
				                groupHoppingEnabled  (0)  false
				                groupAssignmentPUSCH  0
				                sequenceHoppingEnabled  (0)  false
				                cyclicShift  0
				        pucch_ConfigCommon  4
				            deltaPUCCH_Shift  (1)  ds2
				            nRB_CQI  1
				            nCS_AN  0
				            n1PUCCH_AN  10
				        soundingRS_UL_ConfigCommon setup 4
				              srs_BandwidthConfig  (3)  bw3
				              srs_SubframeConfig  (3)  sc3
				              ackNackSRS_SimultaneousTransmission  (1)  true
				        uplinkPowerControlCommon  5
				            p0_NominalPUSCH  -67
				            alpha  (4)  al07
				            p0_NominalPUCCH  -115
				            deltaFList_PUCCH  5
				                deltaF_PUCCH_Format1  (1)  deltaF0
				                deltaF_PUCCH_Format1b  (1)  deltaF3
				                deltaF_PUCCH_Format2  (2)  deltaF1
				                deltaF_PUCCH_Format2a  (2)  deltaF2
				                deltaF_PUCCH_Format2b  (2)  deltaF2
				            deltaPreambleMsg3  4
				            deltaPreambleMsg3[dB]  (8)  8
				        ul_CyclicPrefixLength  (0)  len1
				        Extension_Addition_Group_3  pusch_ConfigCommon_v1270
				               enable64QAM_v1270 TruE
				    ue_TimersAndConstants  9
				        t300  (1)  ms200
				        t301  (1)  ms200
				        t310  (5)  ms1000
				        n310  (6)  n10
				        t311  (3)  ms10000
				        n311  (0)  n1
				    freqInfo  3
				        ul_CarrierFreq  19596
				        ul_Bandwidth  (5)  n100
				        additionalSpectrumEmission  1
				    timeAlignmentTimerCommon  (3)  sf1920
			System Information Block 5

				System Information Block 5
				  _SystemInformationBlockType5 interFreqCarrierFreqList 1
				        _InterFreqCarrierFreqInfo
				          dl_CarrierFreq  6300
				          q_RxLevMin  -60
				          p_Max  24
				          t_ReselectionEUTRA  1
				          threshX_High  11
				          threshX_Low  3
				          allowedMeasBandwidth  (3)  mbw50
				          presenceAntennaPort1  (0)  false
				          cellReselectionPriority  5
				          neighCellConfig  (0x01)   '01'B
				          neighCellConfig[]  (1)  No MBSFN subframes are present in all neighbour cells. For TDD Only used for same ULDL allocation in neighbouring cells compared to the serving cell.
			System Information Block 6

				System Information Block 6
				  _SystemInformationBlockType6
				    carrierFreqListUTRA_FDD  _CarrierFreqUTRA_FDD
				          carrierFreq  10712
				          cellReselectionPriority  3
				          threshX_High  0
				          threshX_Low  0
				          q_RxLevMin  -52
				          p_MaxUTRA  24
				          q_QualMin  -20
				          q_QualMin[dB]  (-20)  -20
				    t_ReselectionUTRA  1
	ACD#1#6 @ 6300@20 (806.000 MHz) [11]

		ACD#1#6 @ 6300@20 (806.000 MHz) [11]
		eNodeB - ID4363103 PCI77

			eNodeB - ID4363103 PCI77
			Position
			State not available
			Database Base Station not in Database
			Provider Tango (MCC 270, MNC 77)
			GCI 270 77 1 4363103
			Tx Antenna 2
			EARFCN@Band 6300@20
			dl_Bandwidth[MHz] (10) 10
			LTE-M no
			eMBMSDSS not supported
			5G NR no
			
			Master Information Block

				Master Information Block
				  _MasterInformationBlock
				    dl_Bandwidth  (3)  n50
				    dl_Bandwidth[MHz]  (10)  10
				    phich_Config  2
				        phich_Duration  (0)  normal
				        phich_Resource  (2)  one
				    systemFrameNumber  (0x2a)   '00101010'B
				    systemFrameNumber[]  (42)  42
				    schedulingInfoSIB1_BR_r13  0
				    systemInfoUnchanged_BR_r15  (0)  false
				    spare  (0x00)   '0000'B
			System Information Block 1

				System Information Block 1
				  _SystemInformationBlockType1
				    cellAccessRelatedInfo  7
				        plmn_IdentityList  _PLMN_IdentityInfo
				              plmn_Identity  2
				                  mcc  3
				                      MCC_MNC_Digit  2
				                      MCC_MNC_Digit  7
				                      MCC_MNC_Digit  0
				                  mnc  2
				                      MCC_MNC_Digit  7
				                      MCC_MNC_Digit  7
				              cellReservedForOperatorUse  (1)  notReserved
				        trackingAreaCode  (0x0001)   '0000000000000001'B
				        trackingAreaCode[]  (1)  1
				        cellIdentity  (0x00110b67)   '0000000100010000101101100111'B
				        cellIdentity[28 Bit]  (1117031)  4363  103
				        cellBarred  (1)  notBarred
				        intraFreqReselection  (0)  allowed
				        csg_Indication  (0)  false
				    cellSelectionInfo  q_RxLevMin
				          -60
				    freqBandIndicator  20
				    schedulingInfoList  2
				        _SchedulingInfo
				          si_Periodicity  (1)  rf16
				          sib_MappingInfo  sibType3
				        _SchedulingInfo
				          si_Periodicity  (2)  rf32
				          sib_MappingInfo  sibType5
				    si_WindowLength  (6)  ms40
				    systemInfoValueTag  5
			System Information Block 2

				System Information Block 2
				  _SystemInformationBlockType2
				    radioResourceConfigCommon  19
				        rach_ConfigCommon  6
				            preambleInfo  2
				                numberOfRA_Preambles  (12)  n52
				                preamblesGroupAConfig  3
				                    sizeOfRA_PreamblesGroupA  (6)  n28
				                    messageSizeGroupA  (0)  b56
				                    messagePowerOffsetGroupB  (4)  dB10
				            powerRampingParameters  2
				                powerRampingStep  (1)  dB2
				                preambleInitialReceivedTargetPower  (8)  dBm_104
				            ra_SupervisionInfo  3
				                preambleTransMax  (6)  n10
				                ra_ResponseWindowSize  (7)  sf10
				                mac_ContentionResolutionTimer  (7)  sf64
				            maxHARQ_Msg3Tx  5
				        bcch_Config  modificationPeriodCoeff
				              n2
				        pcch_Config  2
				            defaultPagingCycle  (2)  rf128
				            nB  (2)  oneT
				        prach_Config  2
				            rootSequenceIndex  160
				            prach_ConfigInfo  4
				                prach_ConfigIndex  3
				                highSpeedFlag  (0)  false
				                zeroCorrelationZoneConfig  12
				                prach_FreqOffset  6
				        pdsch_ConfigCommon  2
				            referenceSignalPower  18
				            p_b  0
				        pusch_ConfigCommon  2
				            pusch_ConfigBasic  4
				                n_SB  4
				                hoppingMode  (0)  interSubFrame
				                pusch_HoppingOffset  22
				                enable64QAM  (1)  true
				            ul_ReferenceSignalsPUSCH  4
				                groupHoppingEnabled  (0)  false
				                groupAssignmentPUSCH  0
				                sequenceHoppingEnabled  (0)  false
				                cyclicShift  0
				        pucch_ConfigCommon  4
				            deltaPUCCH_Shift  (0)  ds1
				            nRB_CQI  1
				            nCS_AN  0
				            n1PUCCH_AN  18
				        soundingRS_UL_ConfigCommon release 0
				        uplinkPowerControlCommon  5
				            p0_NominalPUSCH  -67
				            alpha  (4)  al07
				            p0_NominalPUCCH  -115
				            deltaFList_PUCCH  5
				                deltaF_PUCCH_Format1  (1)  deltaF0
				                deltaF_PUCCH_Format1b  (1)  deltaF3
				                deltaF_PUCCH_Format2  (2)  deltaF1
				                deltaF_PUCCH_Format2a  (2)  deltaF2
				                deltaF_PUCCH_Format2b  (2)  deltaF2
				            deltaPreambleMsg3  4
				            deltaPreambleMsg3[dB]  (8)  8
				        ul_CyclicPrefixLength  (0)  len1
				        Extension_Addition_Group_3  pusch_ConfigCommon_v1270
				               enable64QAM_v1270 TruE
				    ue_TimersAndConstants  9
				        t300  (1)  ms200
				        t301  (1)  ms200
				        t310  (5)  ms1000
				        n310  (6)  n10
				        t311  (3)  ms10000
				        n311  (0)  n1
				    freqInfo  3
				        ul_CarrierFreq  24300
				        ul_Bandwidth  (3)  n50
				        additionalSpectrumEmission  1
				    timeAlignmentTimerCommon  (3)  sf1920
			System Information Block 5

				System Information Block 5
				  _SystemInformationBlockType5 interFreqCarrierFreqList 1
				        _InterFreqCarrierFreqInfo
				          dl_CarrierFreq  1596
				          q_RxLevMin  -60
				          p_Max  24
				          t_ReselectionEUTRA  1
				          threshX_High  4
				          threshX_Low  11
				          allowedMeasBandwidth  (5)  mbw100
				          presenceAntennaPort1  (0)  false
				          cellReselectionPriority  6
				          neighCellConfig  (0x01)   '01'B
				          neighCellConfig[]  (1)  No MBSFN subframes are present in all neighbour cells. For TDD Only used for same ULDL allocation in neighbouring cells compared to the serving cell.
Voxmobile S.A. (MCC 270, MNC 99) [55]

	Voxmobile S.A. (MCC 270, MNC 99) [55]
	ACD#1#7 @ 6400@20 (816.000 MHz) [11]

		ACD#1#7 @ 6400@20 (816.000 MHz) [11]
		eNodeB - ID44037 PCI486

			eNodeB - ID44037 PCI486
			Position
			State not available
			Database Base Station not in Database
			Provider Voxmobile S.A. (MCC 270, MNC 99)
			GCI 270 99 12 44037
			Tx Antenna 2
			EARFCN@Band 6400@20
			dl_Bandwidth[MHz] (10) 10
			LTE-M no
			eMBMSDSS not supported
			5G NR no
			
			Master Information Block

				Master Information Block
				  _MasterInformationBlock
				    dl_Bandwidth  (3)  n50
				    dl_Bandwidth[MHz]  (10)  10
				    phich_Config  2
				        phich_Duration  (0)  normal
				        phich_Resource  (2)  one
				    systemFrameNumber  (0xf9)   '11111001'B
				    systemFrameNumber[]  (249)  249
				    schedulingInfoSIB1_BR_r13  0
				    systemInfoUnchanged_BR_r15  (0)  false
				    spare  (0x00)   '0000'B
			System Information Block 1

				System Information Block 1
				  _SystemInformationBlockType1
				    cellAccessRelatedInfo  7
				        plmn_IdentityList  _PLMN_IdentityInfo
				              plmn_Identity  2
				                  mcc  3
				                      MCC_MNC_Digit  2
				                      MCC_MNC_Digit  7
				                      MCC_MNC_Digit  0
				                  mnc  2
				                      MCC_MNC_Digit  9
				                      MCC_MNC_Digit  9
				              cellReservedForOperatorUse  (1)  notReserved
				        trackingAreaCode  (0x000c)   '0000000000001100'B
				        trackingAreaCode[]  (12)  12
				        cellIdentity  (0x00113307)   '0000000100010011001100000111'B
				        cellIdentity[28 Bit]  (1127175)  4403  7
				        cellBarred  (1)  notBarred
				        intraFreqReselection  (0)  allowed
				        csg_Indication  (0)  false
				    cellSelectionInfo  q_RxLevMin
				          -63
				    freqBandIndicator  20
				    schedulingInfoList  3
				        _SchedulingInfo
				          si_Periodicity  (1)  rf16
				          sib_MappingInfo  sibType3
				        _SchedulingInfo
				          si_Periodicity  (2)  rf32
				          sib_MappingInfo  2
				              sibType4
				              sibType5
				        _SchedulingInfo
				          si_Periodicity  (3)  rf64
				          sib_MappingInfo  2
				              sibType6
				              sibType7
				    si_WindowLength  (6)  ms40
				    systemInfoValueTag  31
			System Information Block 2

				System Information Block 2
				  _SystemInformationBlockType2
				    radioResourceConfigCommon  19
				        rach_ConfigCommon  6
				            preambleInfo  2
				                numberOfRA_Preambles  (12)  n52
				                preamblesGroupAConfig  3
				                    sizeOfRA_PreamblesGroupA  (6)  n28
				                    messageSizeGroupA  (0)  b56
				                    messagePowerOffsetGroupB  (4)  dB10
				            powerRampingParameters  2
				                powerRampingStep  (1)  dB2
				                preambleInitialReceivedTargetPower  (8)  dBm_104
				            ra_SupervisionInfo  3
				                preambleTransMax  (6)  n10
				                ra_ResponseWindowSize  (7)  sf10
				                mac_ContentionResolutionTimer  (7)  sf64
				            maxHARQ_Msg3Tx  5
				        bcch_Config  modificationPeriodCoeff
				              n4
				        pcch_Config  2
				            defaultPagingCycle  (0)  rf32
				            nB  (1)  twoT
				        prach_Config  2
				            rootSequenceIndex  104
				            prach_ConfigInfo  4
				                prach_ConfigIndex  3
				                highSpeedFlag  (0)  false
				                zeroCorrelationZoneConfig  12
				                prach_FreqOffset  6
				        pdsch_ConfigCommon  2
				            referenceSignalPower  17
				            p_b  0
				        pusch_ConfigCommon  2
				            pusch_ConfigBasic  4
				                n_SB  4
				                hoppingMode  (0)  interSubFrame
				                pusch_HoppingOffset  22
				                enable64QAM  (1)  true
				            ul_ReferenceSignalsPUSCH  4
				                groupHoppingEnabled  (0)  false
				                groupAssignmentPUSCH  0
				                sequenceHoppingEnabled  (0)  false
				                cyclicShift  0
				        pucch_ConfigCommon  4
				            deltaPUCCH_Shift  (0)  ds1
				            nRB_CQI  1
				            nCS_AN  0
				            n1PUCCH_AN  54
				        soundingRS_UL_ConfigCommon release 0
				        uplinkPowerControlCommon  5
				            p0_NominalPUSCH  -67
				            alpha  (4)  al07
				            p0_NominalPUCCH  -105
				            deltaFList_PUCCH  5
				                deltaF_PUCCH_Format1  (1)  deltaF0
				                deltaF_PUCCH_Format1b  (1)  deltaF3
				                deltaF_PUCCH_Format2  (2)  deltaF1
				                deltaF_PUCCH_Format2a  (2)  deltaF2
				                deltaF_PUCCH_Format2b  (2)  deltaF2
				            deltaPreambleMsg3  4
				            deltaPreambleMsg3[dB]  (8)  8
				        ul_CyclicPrefixLength  (0)  len1
				        Extension_Addition_Group_3  pusch_ConfigCommon_v1270
				               enable64QAM_v1270 TruE
				    ue_TimersAndConstants  9
				        t300  (1)  ms200
				        t301  (1)  ms200
				        t310  (3)  ms200
				        n310  (4)  n6
				        t311  (3)  ms10000
				        n311  (4)  n5
				    freqInfo  3
				        ul_Bandwidth  (3)  n50
				        additionalSpectrumEmission  1
				    timeAlignmentTimerCommon  (6)  sf10240
			System Information Block 5

				System Information Block 5
				  _SystemInformationBlockType5 interFreqCarrierFreqList 2
				        _InterFreqCarrierFreqInfo
				          dl_CarrierFreq  1350
				          q_RxLevMin  -63
				          t_ReselectionEUTRA  1
				          threshX_High  7
				          threshX_Low  2
				          allowedMeasBandwidth  (5)  mbw100
				          presenceAntennaPort1  (0)  false
				          cellReselectionPriority  5
				          neighCellConfig  (0x01)   '01'B
				          neighCellConfig[]  (1)  No MBSFN subframes are present in all neighbour cells. For TDD Only used for same ULDL allocation in neighbouring cells compared to the serving cell.
				          q_OffsetFreq  (16)  dB1
				        _InterFreqCarrierFreqInfo
				          dl_CarrierFreq  9260
				          q_RxLevMin  -63
				          t_ReselectionEUTRA  1
				          threshX_High  7
				          threshX_Low  2
				          allowedMeasBandwidth  (3)  mbw50
				          presenceAntennaPort1  (0)  false
				          cellReselectionPriority  3
				          neighCellConfig  (0x01)   '01'B
				          neighCellConfig[]  (1)  No MBSFN subframes are present in all neighbour cells. For TDD Only used for same ULDL allocation in neighbouring cells compared to the serving cell.
				          q_OffsetFreq  (16)  dB1
			System Information Block 6

				System Information Block 6
				  _SystemInformationBlockType6
				    carrierFreqListUTRA_FDD  3
				        _CarrierFreqUTRA_FDD
				          carrierFreq  10639
				          cellReselectionPriority  2
				          threshX_High  0
				          threshX_Low  3
				          q_RxLevMin  -58
				          p_MaxUTRA  24
				          q_QualMin  -18
				          q_QualMin[dB]  (-18)  -18
				        _CarrierFreqUTRA_FDD
				          carrierFreq  10689
				          cellReselectionPriority  2
				          threshX_High  0
				          threshX_Low  3
				          q_RxLevMin  -58
				          p_MaxUTRA  24
				          q_QualMin  -18
				          q_QualMin[dB]  (-18)  -18
				        _CarrierFreqUTRA_FDD
				          carrierFreq  10664
				          threshX_High  6
				          threshX_Low  6
				          q_RxLevMin  -58
				          p_MaxUTRA  24
				          q_QualMin  -22
				          q_QualMin[dB]  (-22)  -22
				    t_ReselectionUTRA  2
	ACD#1#8 @ 1350@3 (1820.000 MHz) [44]

		ACD#1#8 @ 1350@3 (1820.000 MHz) [44]
		eNodeB - ID40272 PCI107

			eNodeB - ID40272 PCI107
			Position
			State not available
			Database Base Station not in Database
			Provider Voxmobile S.A. (MCC 270, MNC 99)
			GCI 270 99 12 40272
			Tx Antenna 2
			EARFCN@Band 1350@3
			dl_Bandwidth[MHz] (20) 20
			LTE-M no
			eMBMSDSS not supported
			5G NR no
			
			Master Information Block

				Master Information Block
				  _MasterInformationBlock
				    dl_Bandwidth  (5)  n100
				    dl_Bandwidth[MHz]  (20)  20
				    phich_Config  2
				        phich_Duration  (0)  normal
				        phich_Resource  (2)  one
				    systemFrameNumber  (0x1a)   '00011010'B
				    systemFrameNumber[]  (26)  26
				    schedulingInfoSIB1_BR_r13  0
				    systemInfoUnchanged_BR_r15  (0)  false
				    spare  (0x00)   '0000'B
			System Information Block 2

				System Information Block 2
				  _SystemInformationBlockType2
				    radioResourceConfigCommon  19
				        rach_ConfigCommon  6
				            preambleInfo  2
				                numberOfRA_Preambles  (12)  n52
				                preamblesGroupAConfig  3
				                    sizeOfRA_PreamblesGroupA  (6)  n28
				                    messageSizeGroupA  (0)  b56
				                    messagePowerOffsetGroupB  (4)  dB10
				            powerRampingParameters  2
				                powerRampingStep  (1)  dB2
				                preambleInitialReceivedTargetPower  (8)  dBm_104
				            ra_SupervisionInfo  3
				                preambleTransMax  (6)  n10
				                ra_ResponseWindowSize  (7)  sf10
				                mac_ContentionResolutionTimer  (7)  sf64
				            maxHARQ_Msg3Tx  5
				        bcch_Config  modificationPeriodCoeff
				              n4
				        pcch_Config  2
				            defaultPagingCycle  (0)  rf32
				            nB  (1)  twoT
				        prach_Config  2
				            rootSequenceIndex  200
				            prach_ConfigInfo  4
				                prach_ConfigIndex  6
				                highSpeedFlag  (0)  false
				                zeroCorrelationZoneConfig  11
				                prach_FreqOffset  6
				        pdsch_ConfigCommon  2
				            referenceSignalPower  18
				            p_b  1
				        pusch_ConfigCommon  2
				            pusch_ConfigBasic  4
				                n_SB  4
				                hoppingMode  (0)  interSubFrame
				                pusch_HoppingOffset  22
				                enable64QAM  (1)  true
				            ul_ReferenceSignalsPUSCH  4
				                groupHoppingEnabled  (0)  false
				                groupAssignmentPUSCH  0
				                sequenceHoppingEnabled  (0)  false
				                cyclicShift  0
				        pucch_ConfigCommon  4
				            deltaPUCCH_Shift  (0)  ds1
				            nRB_CQI  1
				            nCS_AN  0
				            n1PUCCH_AN  18
				        soundingRS_UL_ConfigCommon release 0
				        uplinkPowerControlCommon  5
				            p0_NominalPUSCH  -67
				            alpha  (4)  al07
				            p0_NominalPUCCH  -105
				            deltaFList_PUCCH  5
				                deltaF_PUCCH_Format1  (1)  deltaF0
				                deltaF_PUCCH_Format1b  (1)  deltaF3
				                deltaF_PUCCH_Format2  (2)  deltaF1
				                deltaF_PUCCH_Format2a  (2)  deltaF2
				                deltaF_PUCCH_Format2b  (2)  deltaF2
				            deltaPreambleMsg3  4
				            deltaPreambleMsg3[dB]  (8)  8
				        ul_CyclicPrefixLength  (0)  len1
				        Extension_Addition_Group_3  pusch_ConfigCommon_v1270
				               enable64QAM_v1270 TruE
				    ue_TimersAndConstants  9
				        t300  (1)  ms200
				        t301  (1)  ms200
				        t310  (5)  ms1000
				        n310  (6)  n10
				        t311  (3)  ms10000
				        n311  (0)  n1
				    freqInfo  3
				        ul_Bandwidth  (5)  n100
				        additionalSpectrumEmission  1
				    timeAlignmentTimerCommon  (6)  sf10240
			System Information Block 1

				System Information Block 1
				  _SystemInformationBlockType1
				    cellAccessRelatedInfo  7
				        plmn_IdentityList  _PLMN_IdentityInfo
				              plmn_Identity  2
				                  mcc  3
				                      MCC_MNC_Digit  2
				                      MCC_MNC_Digit  7
				                      MCC_MNC_Digit  0
				                  mnc  2
				                      MCC_MNC_Digit  9
				                      MCC_MNC_Digit  9
				              cellReservedForOperatorUse  (1)  notReserved
				        trackingAreaCode  (0x000c)   '0000000000001100'B
				        trackingAreaCode[]  (12)  12
				        cellIdentity  (0x000fbb02)   '0000000011111011101100000010'B
				        cellIdentity[28 Bit]  (1030914)  4027  2
				        cellBarred  (0)  barred
				        intraFreqReselection  (0)  allowed
				        csg_Indication  (0)  false
				    cellSelectionInfo  q_RxLevMin
				          -63
				    freqBandIndicator  3
				    schedulingInfoList  3
				        _SchedulingInfo
				          si_Periodicity  (1)  rf16
				          sib_MappingInfo  sibType3
				        _SchedulingInfo
				          si_Periodicity  (2)  rf32
				          sib_MappingInfo  sibType5
				        _SchedulingInfo
				          si_Periodicity  (3)  rf64
				          sib_MappingInfo  2
				              sibType6
				              sibType7
				    si_WindowLength  (6)  ms40
				    systemInfoValueTag  8
			System Information Block 5

				System Information Block 5
				  _SystemInformationBlockType5 interFreqCarrierFreqList 2
				        _InterFreqCarrierFreqInfo
				          dl_CarrierFreq  6400
				          q_RxLevMin  -63
				          t_ReselectionEUTRA  1
				          threshX_High  7
				          threshX_Low  2
				          allowedMeasBandwidth  (3)  mbw50
				          presenceAntennaPort1  (0)  false
				          cellReselectionPriority  4
				          neighCellConfig  (0x01)   '01'B
				          neighCellConfig[]  (1)  No MBSFN subframes are present in all neighbour cells. For TDD Only used for same ULDL allocation in neighbouring cells compared to the serving cell.
				          q_OffsetFreq  (16)  dB1
				        _InterFreqCarrierFreqInfo
				          dl_CarrierFreq  9260
				          q_RxLevMin  -63
				          t_ReselectionEUTRA  1
				          threshX_High  7
				          threshX_Low  2
				          allowedMeasBandwidth  (3)  mbw50
				          presenceAntennaPort1  (0)  false
				          cellReselectionPriority  3
				          neighCellConfig  (0x01)   '01'B
				          neighCellConfig[]  (1)  No MBSFN subframes are present in all neighbour cells. For TDD Only used for same ULDL allocation in neighbouring cells compared to the serving cell.
				          q_OffsetFreq  (16)  dB1
			System Information Block 6

				System Information Block 6
				  _SystemInformationBlockType6
				    carrierFreqListUTRA_FDD  3
				        _CarrierFreqUTRA_FDD
				          carrierFreq  10639
				          cellReselectionPriority  2
				          threshX_High  0
				          threshX_Low  3
				          q_RxLevMin  -58
				          p_MaxUTRA  24
				          q_QualMin  -18
				          q_QualMin[dB]  (-18)  -18
				        _CarrierFreqUTRA_FDD
				          carrierFreq  10689
				          cellReselectionPriority  2
				          threshX_High  0
				          threshX_Low  3
				          q_RxLevMin  -58
				          p_MaxUTRA  24
				          q_QualMin  -18
				          q_QualMin[dB]  (-18)  -18
				        _CarrierFreqUTRA_FDD
				          carrierFreq  10664
				          threshX_High  6
				          threshX_Low  6
				          q_RxLevMin  -58
				          p_MaxUTRA  24
				          q_QualMin  -22
				          q_QualMin[dB]  (-22)  -22
				    t_ReselectionUTRA  2
		eNodeB - ID4029181 PCI336

			eNodeB - ID4029181 PCI336
			Position
			State not available
			Database Base Station not in Database
			Provider Voxmobile S.A. (MCC 270, MNC 99)
			GCI 270 99 12 4029181
			Tx Antenna 4
			EARFCN@Band 1350@3
			dl_Bandwidth[MHz] (20) 20
			LTE-M no
			eMBMS ---
			5G NR no
			
			Master Information Block

				Master Information Block
				  _MasterInformationBlock
				    dl_Bandwidth  (5)  n100
				    dl_Bandwidth[MHz]  (20)  20
				    phich_Config  2
				        phich_Duration  (0)  normal
				        phich_Resource  (0)  oneSixth
				    systemFrameNumber  (0x19)   '00011001'B
				    systemFrameNumber[]  (25)  25
				    schedulingInfoSIB1_BR_r13  0
				    systemInfoUnchanged_BR_r15  (0)  false
				    spare  (0x00)   '0000'B
			System Information Block 1

				System Information Block 1
				  _SystemInformationBlockType1
				    cellAccessRelatedInfo  7
				        plmn_IdentityList  _PLMN_IdentityInfo
				              plmn_Identity  2
				                  mcc  3
				                      MCC_MNC_Digit  2
				                      MCC_MNC_Digit  7
				                      MCC_MNC_Digit  0
				                  mnc  2
				                      MCC_MNC_Digit  9
				                      MCC_MNC_Digit  9
				              cellReservedForOperatorUse  (1)  notReserved
				        trackingAreaCode  (0x000c)   '0000000000001100'B
				        trackingAreaCode[]  (12)  12
				        cellIdentity  (0x000fbdb5)   '0000000011111011110110110101'B
				        cellIdentity[28 Bit]  (1031605)  4029  181
				        cellBarred  (1)  notBarred
				        intraFreqReselection  (0)  allowed
				        csg_Indication  (0)  false
				    cellSelectionInfo  q_RxLevMin
				          -63
				    p_Max  23
				    freqBandIndicator  3
				    schedulingInfoList  6
				        _SchedulingInfo
				          si_Periodicity  (1)  rf16
				          sib_MappingInfo
				        _SchedulingInfo
				          si_Periodicity  (1)  rf16
				          sib_MappingInfo  sibType3
				        _SchedulingInfo
				          si_Periodicity  (3)  rf64
				          sib_MappingInfo  sibType4
				        _SchedulingInfo
				          si_Periodicity  (3)  rf64
				          sib_MappingInfo  sibType5
				        _SchedulingInfo
				          si_Periodicity  (3)  rf64
				          sib_MappingInfo  sibType6
				        _SchedulingInfo
				          si_Periodicity  (3)  rf64
				          sib_MappingInfo  sibType7
				    si_WindowLength  (3)  ms10
				    systemInfoValueTag  12
		eNodeB - ID4029182 PCI338

			eNodeB - ID4029182 PCI338
			Position
			State not available
			Database Base Station not in Database
			Provider Voxmobile S.A. (MCC 270, MNC 99)
			GCI 270 99 12 4029182
			Tx Antenna 4
			EARFCN@Band 1350@3
			dl_Bandwidth[MHz] (20) 20
			LTE-M no
			eMBMSDSS not supported
			5G NR yes
			
			Master Information Block

				Master Information Block
				  _MasterInformationBlock
				    dl_Bandwidth  (5)  n100
				    dl_Bandwidth[MHz]  (20)  20
				    phich_Config  2
				        phich_Duration  (0)  normal
				        phich_Resource  (0)  oneSixth
				    systemFrameNumber  (0xbf)   '10111111'B
				    systemFrameNumber[]  (191)  191
				    schedulingInfoSIB1_BR_r13  0
				    systemInfoUnchanged_BR_r15  (0)  false
				    spare  (0x00)   '0000'B
			System Information Block 1

				System Information Block 1
				  _SystemInformationBlockType1
				    cellAccessRelatedInfo  7
				        plmn_IdentityList  _PLMN_IdentityInfo
				              plmn_Identity  2
				                  mcc  3
				                      MCC_MNC_Digit  2
				                      MCC_MNC_Digit  7
				                      MCC_MNC_Digit  0
				                  mnc  2
				                      MCC_MNC_Digit  9
				                      MCC_MNC_Digit  9
				              cellReservedForOperatorUse  (1)  notReserved
				        trackingAreaCode  (0x000c)   '0000000000001100'B
				        trackingAreaCode[]  (12)  12
				        cellIdentity  (0x000fbdb6)   '0000000011111011110110110110'B
				        cellIdentity[28 Bit]  (1031606)  4029  182
				        cellBarred  (1)  notBarred
				        intraFreqReselection  (0)  allowed
				        csg_Indication  (0)  false
				    cellSelectionInfo  q_RxLevMin
				          -63
				    p_Max  23
				    freqBandIndicator  3
				    schedulingInfoList  6
				        _SchedulingInfo
				          si_Periodicity  (1)  rf16
				          sib_MappingInfo
				        _SchedulingInfo
				          si_Periodicity  (1)  rf16
				          sib_MappingInfo  sibType3
				        _SchedulingInfo
				          si_Periodicity  (3)  rf64
				          sib_MappingInfo  sibType4
				        _SchedulingInfo
				          si_Periodicity  (3)  rf64
				          sib_MappingInfo  sibType5
				        _SchedulingInfo
				          si_Periodicity  (3)  rf64
				          sib_MappingInfo  sibType6
				        _SchedulingInfo
				          si_Periodicity  (3)  rf64
				          sib_MappingInfo  sibType7
				    si_WindowLength  (3)  ms10
				    systemInfoValueTag  25
			System Information Block 2

				System Information Block 2
				  _SystemInformationBlockType2
				    radioResourceConfigCommon  19
				        rach_ConfigCommon  6
				            preambleInfo  2
				                numberOfRA_Preambles  (13)  n56
				                preamblesGroupAConfig  3
				                    sizeOfRA_PreamblesGroupA  (13)  n56
				                    messageSizeGroupA  (1)  b144
				                    messagePowerOffsetGroupB  (4)  dB10
				            powerRampingParameters  2
				                powerRampingStep  (1)  dB2
				                preambleInitialReceivedTargetPower  (11)  dBm_98
				            ra_SupervisionInfo  3
				                preambleTransMax  (0)  n3
				                ra_ResponseWindowSize  (7)  sf10
				                mac_ContentionResolutionTimer  (7)  sf64
				            maxHARQ_Msg3Tx  3
				        bcch_Config  modificationPeriodCoeff
				              n4
				        pcch_Config  2
				            defaultPagingCycle  (2)  rf128
				            nB  (4)  quarterT
				        prach_Config  2
				            rootSequenceIndex  256
				            prach_ConfigInfo  4
				                prach_ConfigIndex  3
				                highSpeedFlag  (0)  false
				                zeroCorrelationZoneConfig  12
				                prach_FreqOffset  5
				        pdsch_ConfigCommon  2
				            referenceSignalPower  17
				            p_b  0
				        pusch_ConfigCommon  2
				            pusch_ConfigBasic  4
				                n_SB  1
				                hoppingMode  (0)  interSubFrame
				                pusch_HoppingOffset  6
				                enable64QAM  (1)  true
				            ul_ReferenceSignalsPUSCH  4
				                groupHoppingEnabled  (1)  true
				                groupAssignmentPUSCH  0
				                sequenceHoppingEnabled  (0)  false
				                cyclicShift  0
				        pucch_ConfigCommon  4
				            deltaPUCCH_Shift  (0)  ds1
				            nRB_CQI  4
				            nCS_AN  0
				            n1PUCCH_AN  72
				        soundingRS_UL_ConfigCommon setup 4
				              srs_BandwidthConfig  (1)  bw1
				              srs_SubframeConfig  (3)  sc3
				              ackNackSRS_SimultaneousTransmission  (1)  true
				        uplinkPowerControlCommon  5
				            p0_NominalPUSCH  -100
				            alpha  (7)  al1
				            p0_NominalPUCCH  -114
				            deltaFList_PUCCH  5
				                deltaF_PUCCH_Format1  (1)  deltaF0
				                deltaF_PUCCH_Format1b  (1)  deltaF3
				                deltaF_PUCCH_Format2  (1)  deltaF0
				                deltaF_PUCCH_Format2a  (1)  deltaF0
				                deltaF_PUCCH_Format2b  (1)  deltaF0
				            deltaPreambleMsg3  0
				            deltaPreambleMsg3[dB]  (0)  0
				        ul_CyclicPrefixLength  (0)  len1
				        Extension_Addition_Group  uplinkPowerControlCommon_v1020
				                deltaF_PUCCH_Format3_r10  (1)  deltaF0
				                deltaF_PUCCH_Format1bCS_r10  (0)  deltaF1
				        Extension_Addition_Group_3  pusch_ConfigCommon_v1270
				               enable64QAM_v1270 TruE
				    ue_TimersAndConstants  9
				        t300  (3)  ms400
				        t301  (3)  ms400
				        t310  (6)  ms2000
				        n310  (7)  n20
				        t311  (3)  ms10000
				        n311  (0)  n1
				    freqInfo  3
				        ul_CarrierFreq  19350
				        ul_Bandwidth  (5)  n100
				        additionalSpectrumEmission  1
				    timeAlignmentTimerCommon  (6)  sf10240
				    Extension_Addition_Group_9  plmn_InfoList_r15
				           _PLMN_Info_r15 upperLayerIndication_r15
				                TruE
			System Information Block 5

				System Information Block 5
				  _SystemInformationBlockType5 interFreqCarrierFreqList 2
				        _InterFreqCarrierFreqInfo
				          dl_CarrierFreq  6400
				          q_RxLevMin  -63
				          t_ReselectionEUTRA  1
				          t_ReselectionEUTRA_SF  (2)  _SpeedStateScaleFactors
				              sf_Medium  (3)  lDot0
				              sf_High  (2)  oDot75
				          threshX_High  11
				          threshX_Low  7
				          allowedMeasBandwidth  (3)  mbw50
				          presenceAntennaPort1  (1)  true
				          cellReselectionPriority  4
				          neighCellConfig  (0x00)   '00'B
				          neighCellConfig[]  (0)  Not all neighbour cells have the same MBSFN subframe allocation as serving cell. For TDD Only used for same ULDL allocation in neighbouring cells compared to the serving cell.
				        _InterFreqCarrierFreqInfo
				          dl_CarrierFreq  9260
				          q_RxLevMin  -63
				          t_ReselectionEUTRA  1
				          t_ReselectionEUTRA_SF  (2)  _SpeedStateScaleFactors
				              sf_Medium  (3)  lDot0
				              sf_High  (2)  oDot75
				          threshX_High  11
				          threshX_Low  7
				          allowedMeasBandwidth  (3)  mbw50
				          presenceAntennaPort1  (1)  true
				          cellReselectionPriority  4
				          neighCellConfig  (0x00)   '00'B
				          neighCellConfig[]  (0)  Not all neighbour cells have the same MBSFN subframe allocation as serving cell. For TDD Only used for same ULDL allocation in neighbouring cells compared to the serving cell.
			System Information Block 6

				System Information Block 6
				  _SystemInformationBlockType6
				    carrierFreqListUTRA_FDD  2
				        _CarrierFreqUTRA_FDD
				          carrierFreq  10639
				          cellReselectionPriority  3
				          threshX_High  0
				          threshX_Low  3
				          q_RxLevMin  -58
				          p_MaxUTRA  24
				          q_QualMin  -18
				          q_QualMin[dB]  (-18)  -18
				        _CarrierFreqUTRA_FDD
				          carrierFreq  10664
				          cellReselectionPriority  3
				          threshX_High  0
				          threshX_Low  3
				          q_RxLevMin  -58
				          p_MaxUTRA  24
				          q_QualMin  -18
				          q_QualMin[dB]  (-18)  -18
				    t_ReselectionUTRA  1
		eNodeB - ID44052 PCI38

			eNodeB - ID44052 PCI38
			Position
			State not available
			Database Base Station not in Database
			Provider Voxmobile S.A. (MCC 270, MNC 99)
			GCI 270 99 12 44052
			Tx Antenna 2
			EARFCN@Band 1350@3
			dl_Bandwidth[MHz] (20) 20
			LTE-M no
			eMBMSDSS not supported
			5G NR no
			
			Master Information Block

				Master Information Block
				  _MasterInformationBlock
				    dl_Bandwidth  (5)  n100
				    dl_Bandwidth[MHz]  (20)  20
				    phich_Config  2
				        phich_Duration  (0)  normal
				        phich_Resource  (2)  one
				    systemFrameNumber  (0xfb)   '11111011'B
				    systemFrameNumber[]  (251)  251
				    schedulingInfoSIB1_BR_r13  0
				    systemInfoUnchanged_BR_r15  (0)  false
				    spare  (0x00)   '0000'B
			System Information Block 1

				System Information Block 1
				  _SystemInformationBlockType1
				    cellAccessRelatedInfo  7
				        plmn_IdentityList  _PLMN_IdentityInfo
				              plmn_Identity  2
				                  mcc  3
				                      MCC_MNC_Digit  2
				                      MCC_MNC_Digit  7
				                      MCC_MNC_Digit  0
				                  mnc  2
				                      MCC_MNC_Digit  9
				                      MCC_MNC_Digit  9
				              cellReservedForOperatorUse  (1)  notReserved
				        trackingAreaCode  (0x000c)   '0000000000001100'B
				        trackingAreaCode[]  (12)  12
				        cellIdentity  (0x00113502)   '0000000100010011010100000010'B
				        cellIdentity[28 Bit]  (1127682)  4405  2
				        cellBarred  (1)  notBarred
				        intraFreqReselection  (0)  allowed
				        csg_Indication  (0)  false
				    cellSelectionInfo  q_RxLevMin
				          -63
				    freqBandIndicator  3
				    schedulingInfoList  3
				        _SchedulingInfo
				          si_Periodicity  (1)  rf16
				          sib_MappingInfo  sibType3
				        _SchedulingInfo
				          si_Periodicity  (2)  rf32
				          sib_MappingInfo  sibType5
				        _SchedulingInfo
				          si_Periodicity  (3)  rf64
				          sib_MappingInfo  2
				              sibType6
				              sibType7
				    si_WindowLength  (6)  ms40
				    systemInfoValueTag  7
			System Information Block 2

				System Information Block 2
				  _SystemInformationBlockType2
				    radioResourceConfigCommon  19
				        rach_ConfigCommon  6
				            preambleInfo  2
				                numberOfRA_Preambles  (12)  n52
				                preamblesGroupAConfig  3
				                    sizeOfRA_PreamblesGroupA  (6)  n28
				                    messageSizeGroupA  (0)  b56
				                    messagePowerOffsetGroupB  (4)  dB10
				            powerRampingParameters  2
				                powerRampingStep  (1)  dB2
				                preambleInitialReceivedTargetPower  (8)  dBm_104
				            ra_SupervisionInfo  3
				                preambleTransMax  (6)  n10
				                ra_ResponseWindowSize  (7)  sf10
				                mac_ContentionResolutionTimer  (7)  sf64
				            maxHARQ_Msg3Tx  5
				        bcch_Config  modificationPeriodCoeff
				              n4
				        pcch_Config  2
				            defaultPagingCycle  (0)  rf32
				            nB  (1)  twoT
				        prach_Config  2
				            rootSequenceIndex  419
				            prach_ConfigInfo  4
				                prach_ConfigIndex  6
				                highSpeedFlag  (0)  false
				                zeroCorrelationZoneConfig  11
				                prach_FreqOffset  6
				        pdsch_ConfigCommon  2
				            referenceSignalPower  18
				            p_b  1
				        pusch_ConfigCommon  2
				            pusch_ConfigBasic  4
				                n_SB  4
				                hoppingMode  (0)  interSubFrame
				                pusch_HoppingOffset  22
				                enable64QAM  (1)  true
				            ul_ReferenceSignalsPUSCH  4
				                groupHoppingEnabled  (0)  false
				                groupAssignmentPUSCH  0
				                sequenceHoppingEnabled  (0)  false
				                cyclicShift  0
				        pucch_ConfigCommon  4
				            deltaPUCCH_Shift  (0)  ds1
				            nRB_CQI  1
				            nCS_AN  0
				            n1PUCCH_AN  54
				        soundingRS_UL_ConfigCommon release 0
				        uplinkPowerControlCommon  5
				            p0_NominalPUSCH  -67
				            alpha  (4)  al07
				            p0_NominalPUCCH  -105
				            deltaFList_PUCCH  5
				                deltaF_PUCCH_Format1  (1)  deltaF0
				                deltaF_PUCCH_Format1b  (1)  deltaF3
				                deltaF_PUCCH_Format2  (2)  deltaF1
				                deltaF_PUCCH_Format2a  (2)  deltaF2
				                deltaF_PUCCH_Format2b  (2)  deltaF2
				            deltaPreambleMsg3  4
				            deltaPreambleMsg3[dB]  (8)  8
				        ul_CyclicPrefixLength  (0)  len1
				        Extension_Addition_Group_3  pusch_ConfigCommon_v1270
				               enable64QAM_v1270 TruE
				    ue_TimersAndConstants  9
				        t300  (1)  ms200
				        t301  (1)  ms200
				        t310  (5)  ms1000
				        n310  (6)  n10
				        t311  (3)  ms10000
				        n311  (0)  n1
				    freqInfo  3
				        ul_Bandwidth  (5)  n100
				        additionalSpectrumEmission  1
				    timeAlignmentTimerCommon  (6)  sf10240
			System Information Block 5

				System Information Block 5
				  _SystemInformationBlockType5 interFreqCarrierFreqList 2
				        _InterFreqCarrierFreqInfo
				          dl_CarrierFreq  6400
				          q_RxLevMin  -63
				          t_ReselectionEUTRA  1
				          threshX_High  7
				          threshX_Low  2
				          allowedMeasBandwidth  (3)  mbw50
				          presenceAntennaPort1  (0)  false
				          cellReselectionPriority  4
				          neighCellConfig  (0x01)   '01'B
				          neighCellConfig[]  (1)  No MBSFN subframes are present in all neighbour cells. For TDD Only used for same ULDL allocation in neighbouring cells compared to the serving cell.
				          q_OffsetFreq  (16)  dB1
				        _InterFreqCarrierFreqInfo
				          dl_CarrierFreq  9260
				          q_RxLevMin  -63
				          t_ReselectionEUTRA  1
				          threshX_High  7
				          threshX_Low  2
				          allowedMeasBandwidth  (3)  mbw50
				          presenceAntennaPort1  (0)  false
				          cellReselectionPriority  3
				          neighCellConfig  (0x01)   '01'B
				          neighCellConfig[]  (1)  No MBSFN subframes are present in all neighbour cells. For TDD Only used for same ULDL allocation in neighbouring cells compared to the serving cell.
				          q_OffsetFreq  (16)  dB1
